[0m2021.05.14 06:24:41 INFO  Started: Metals version 0.10.2 in workspace 'C:\Users\Passawit\OneDrive\Coursera\Functional Programming Principles in Scala\example' for client vscode 1.56.2.[0m
[0m2021.05.14 06:24:43 INFO  time: initialize in 1.68s[0m
[0m2021.05.14 06:24:43 WARN  Build server is not auto-connectable.[0m
[0m2021.05.14 06:24:45 WARN  no build target for: C:\Users\Passawit\OneDrive\Coursera\Functional Programming Principles in Scala\example\src\main\scala\example\Lists.scala[0m
[0m2021.05.14 06:24:47 INFO  no build target: using presentation compiler with only scala-library: 2.12.13[0m
May 14, 2021 6:24:49 AM org.eclipse.lsp4j.jsonrpc.RemoteEndpoint handleCancellation
WARNING: Unmatched cancel notification for request id 11
[0m2021.05.14 06:24:49 WARN  no build target for: C:\Users\Passawit\OneDrive\Coursera\Functional Programming Principles in Scala\example\build.sbt[0m
[0m2021.05.14 06:24:49 INFO  time: code lens generation in 2.99s[0m
[0m2021.05.14 06:24:49 INFO  time: code lens generation in 2.98s[0m
[0m2021.05.14 06:24:49 INFO  time: code lens generation in 4.36s[0m
[0m2021.05.14 06:24:49 INFO  time: code lens generation in 4.36s[0m
[0m2021.05.14 06:25:46 INFO  running 'C:\Program Files\Amazon Corretto\jdk11.0.11_9\bin\java -Djline.terminal=jline.UnsupportedTerminal -Dsbt.log.noformat=true -Dfile.encoding=UTF-8 -jar C:\Users\Passawit\AppData\Local\Temp\metals4767899615110822569\sbt-launch.jar -Dbloop.export-jar-classifiers=sources bloopInstall'[0m
[0m2021.05.14 06:25:47 ERROR [info] [launcher] getting org.scala-sbt sbt 1.2.8  (this may take some time)...[0m
[0m2021.05.14 06:26:01 ERROR downloading https://repo1.maven.org/maven2/org/scala-sbt/command_2.12/1.2.8/command_2.12-1.2.8.jar ...[0m
[0m2021.05.14 06:26:01 ERROR downloading https://repo1.maven.org/maven2/org/scala-sbt/main_2.12/1.2.8/main_2.12-1.2.8.jar ...[0m
[0m2021.05.14 06:26:01 ERROR downloading https://repo1.maven.org/maven2/org/scala-sbt/logic_2.12/1.2.8/logic_2.12-1.2.8.jar ...[0m
[0m2021.05.14 06:26:01 ERROR downloading https://repo1.maven.org/maven2/org/scala-sbt/main-settings_2.12/1.2.8/main-settings_2.12-1.2.8.jar ...[0m
[0m2021.05.14 06:26:01 ERROR downloading https://repo1.maven.org/maven2/org/scala-lang/scala-library/2.12.7/scala-library-2.12.7.jar ...[0m
[0m2021.05.14 06:26:01 ERROR downloading https://repo1.maven.org/maven2/org/scala-sbt/run_2.12/1.2.8/run_2.12-1.2.8.jar ...[0m
[0m2021.05.14 06:26:01 ERROR downloading https://repo1.maven.org/maven2/org/scala-sbt/scripted-sbt-redux_2.12/1.2.8/scripted-sbt-redux_2.12-1.2.8.jar ...[0m
[0m2021.05.14 06:26:01 ERROR downloading https://repo1.maven.org/maven2/org/scala-sbt/scripted-plugin_2.12/1.2.8/scripted-plugin_2.12-1.2.8.jar ...[0m
[0m2021.05.14 06:26:01 ERROR downloading https://repo1.maven.org/maven2/org/apache/logging/log4j/log4j-api/2.11.1/log4j-api-2.11.1.jar ...[0m
[0m2021.05.14 06:26:01 ERROR downloading https://repo1.maven.org/maven2/org/scala-sbt/sbt/1.2.8/sbt-1.2.8.jar ...[0m
[0m2021.05.14 06:26:01 ERROR downloading https://repo1.maven.org/maven2/org/scala-sbt/actions_2.12/1.2.8/actions_2.12-1.2.8.jar ...[0m
[0m2021.05.14 06:26:01 ERROR downloading https://repo1.maven.org/maven2/org/apache/logging/log4j/log4j-core/2.11.1/log4j-core-2.11.1.jar ...[0m
[0m2021.05.14 06:26:01 ERROR downloading https://repo1.maven.org/maven2/org/scala-sbt/collections_2.12/1.2.8/collections_2.12-1.2.8.jar ...[0m
[0m2021.05.14 06:26:01 ERROR downloading https://repo1.maven.org/maven2/org/scala-lang/modules/scala-xml_2.12/1.0.6/scala-xml_2.12-1.0.6.jar ...[0m
[0m2021.05.14 06:26:01 ERROR downloading https://repo1.maven.org/maven2/org/apache/logging/log4j/log4j-slf4j-impl/2.11.1/log4j-slf4j-impl-2.11.1.jar ...[0m
[0m2021.05.14 06:26:01 ERROR downloading https://repo1.maven.org/maven2/org/scala-sbt/launcher-interface/1.0.4/launcher-interface-1.0.4.jar ...[0m
[0m2021.05.14 06:26:01 ERROR :: loading settings :: url = jar:file:/C:/Users/Passawit/AppData/Local/Temp/metals4767899615110822569/sbt-launch.jar!/org/apache/ivy/core/settings/ivysettings.xml[0m
[0m2021.05.14 06:26:01 ERROR :: loading settings :: url = jar:file:/C:/Users/Passawit/AppData/Local/Temp/metals4767899615110822569/sbt-launch.jar!/org/apache/ivy/core/settings/ivysettings.xml[0m
[0m2021.05.14 06:26:01 ERROR :: loading settings :: url = jar:file:/C:/Users/Passawit/AppData/Local/Temp/metals4767899615110822569/sbt-launch.jar!/org/apache/ivy/core/settings/ivysettings.xml[0m
[0m2021.05.14 06:26:01 ERROR :: loading settings :: url = jar:file:/C:/Users/Passawit/AppData/Local/Temp/metals4767899615110822569/sbt-launch.jar!/org/apache/ivy/core/settings/ivysettings.xml[0m
[0m2021.05.14 06:26:01 ERROR :: loading settings :: url = jar:file:/C:/Users/Passawit/AppData/Local/Temp/metals4767899615110822569/sbt-launch.jar!/org/apache/ivy/core/settings/ivysettings.xml[0m
[0m2021.05.14 06:26:01 ERROR :: loading settings :: url = jar:file:/C:/Users/Passawit/AppData/Local/Temp/metals4767899615110822569/sbt-launch.jar!/org/apache/ivy/core/settings/ivysettings.xml[0m
[0m2021.05.14 06:26:01 ERROR :: loading settings :: url = jar:file:/C:/Users/Passawit/AppData/Local/Temp/metals4767899615110822569/sbt-launch.jar!/org/apache/ivy/core/settings/ivysettings.xml[0m
[0m2021.05.14 06:26:01 ERROR :: loading settings :: url = jar:file:/C:/Users/Passawit/AppData/Local/Temp/metals4767899615110822569/sbt-launch.jar!/org/apache/ivy/core/settings/ivysettings.xml[0m
[0m2021.05.14 06:26:01 ERROR :: loading settings :: url = jar:file:/C:/Users/Passawit/AppData/Local/Temp/metals4767899615110822569/sbt-launch.jar!/org/apache/ivy/core/settings/ivysettings.xml[0m
[0m2021.05.14 06:26:01 ERROR :: loading settings :: url = jar:file:/C:/Users/Passawit/AppData/Local/Temp/metals4767899615110822569/sbt-launch.jar!/org/apache/ivy/core/settings/ivysettings.xml[0m
[0m2021.05.14 06:26:01 ERROR :: loading settings :: url = jar:file:/C:/Users/Passawit/AppData/Local/Temp/metals4767899615110822569/sbt-launch.jar!/org/apache/ivy/core/settings/ivysettings.xml[0m
[0m2021.05.14 06:26:01 ERROR :: loading settings :: url = jar:file:/C:/Users/Passawit/AppData/Local/Temp/metals4767899615110822569/sbt-launch.jar!/org/apache/ivy/core/settings/ivysettings.xml[0m
[0m2021.05.14 06:26:01 ERROR :: loading settings :: url = jar:file:/C:/Users/Passawit/AppData/Local/Temp/metals4767899615110822569/sbt-launch.jar!/org/apache/ivy/core/settings/ivysettings.xml[0m
[0m2021.05.14 06:26:01 ERROR :: loading settings :: url = jar:file:/C:/Users/Passawit/AppData/Local/Temp/metals4767899615110822569/sbt-launch.jar!/org/apache/ivy/core/settings/ivysettings.xml[0m
[0m2021.05.14 06:26:01 ERROR :: loading settings :: url = jar:file:/C:/Users/Passawit/AppData/Local/Temp/metals4767899615110822569/sbt-launch.jar!/org/apache/ivy/core/settings/ivysettings.xml[0m
[0m2021.05.14 06:26:01 ERROR :: loading settings :: url = jar:file:/C:/Users/Passawit/AppData/Local/Temp/metals4767899615110822569/sbt-launch.jar!/org/apache/ivy/core/settings/ivysettings.xml[0m
[0m2021.05.14 06:26:01 ERROR 	[SUCCESSFUL ] org.scala-sbt#scripted-sbt-redux_2.12;1.2.8!scripted-sbt-redux_2.12.jar (176ms)[0m
[0m2021.05.14 06:26:01 ERROR downloading https://repo1.maven.org/maven2/com/github/cb372/scalacache-caffeine_2.12/0.20.0/scalacache-caffeine_2.12-0.20.0.jar ...[0m
[0m2021.05.14 06:26:01 ERROR 	[SUCCESSFUL ] org.scala-sbt#scripted-plugin_2.12;1.2.8!scripted-plugin_2.12.jar (315ms)[0m
[0m2021.05.14 06:26:01 ERROR 	[SUCCESSFUL ] org.scala-sbt#launcher-interface;1.0.4!launcher-interface.jar (314ms)[0m
[0m2021.05.14 06:26:01 ERROR downloading https://repo1.maven.org/maven2/org/scala-sbt/io_2.12/1.2.2/io_2.12-1.2.2.jar ...[0m
[0m2021.05.14 06:26:01 ERROR downloading https://repo1.maven.org/maven2/org/scala-sbt/util-logging_2.12/1.2.4/util-logging_2.12-1.2.4.jar ...[0m
[0m2021.05.14 06:26:01 ERROR 	[SUCCESSFUL ] org.apache.logging.log4j#log4j-slf4j-impl;2.11.1!log4j-slf4j-impl.jar (317ms)[0m
[0m2021.05.14 06:26:01 ERROR downloading https://repo1.maven.org/maven2/org/scala-sbt/librarymanagement-core_2.12/1.2.4/librarymanagement-core_2.12-1.2.4.jar ...[0m
[0m2021.05.14 06:26:01 ERROR 	[SUCCESSFUL ] org.scala-sbt#sbt;1.2.8!sbt.jar (350ms)[0m
[0m2021.05.14 06:26:01 ERROR downloading https://repo1.maven.org/maven2/org/scala-sbt/librarymanagement-ivy_2.12/1.2.4/librarymanagement-ivy_2.12-1.2.4.jar ...[0m
[0m2021.05.14 06:26:01 ERROR 	[SUCCESSFUL ] org.scala-sbt#logic_2.12;1.2.8!logic_2.12.jar (353ms)[0m
[0m2021.05.14 06:26:01 ERROR downloading https://repo1.maven.org/maven2/org/scala-sbt/compiler-interface/1.2.5/compiler-interface-1.2.5.jar ...[0m
[0m2021.05.14 06:26:01 ERROR 	[SUCCESSFUL ] org.scala-sbt#run_2.12;1.2.8!run_2.12.jar (356ms)[0m
[0m2021.05.14 06:26:01 ERROR downloading https://repo1.maven.org/maven2/org/scala-sbt/zinc-compile_2.12/1.2.5/zinc-compile_2.12-1.2.5.jar ...[0m
[0m2021.05.14 06:26:01 ERROR 	[SUCCESSFUL ] com.github.cb372#scalacache-caffeine_2.12;0.20.0!scalacache-caffeine_2.12.jar (184ms)[0m
[0m2021.05.14 06:26:01 ERROR downloading https://repo1.maven.org/maven2/org/scala-sbt/util-relation_2.12/1.2.4/util-relation_2.12-1.2.4.jar ...[0m
[0m2021.05.14 06:26:01 ERROR 	[SUCCESSFUL ] org.apache.logging.log4j#log4j-api;2.11.1!log4j-api.jar (366ms)[0m
[0m2021.05.14 06:26:01 ERROR downloading https://repo1.maven.org/maven2/com/eed3si9n/sjson-new-scalajson_2.12/0.8.2/sjson-new-scalajson_2.12-0.8.2.jar ...[0m
[0m2021.05.14 06:26:01 ERROR 	[SUCCESSFUL ] org.scala-sbt#actions_2.12;1.2.8!actions_2.12.jar (378ms)[0m
[0m2021.05.14 06:26:01 ERROR downloading https://repo1.maven.org/maven2/org/scala-sbt/util-position_2.12/1.2.4/util-position_2.12-1.2.4.jar ...[0m
[0m2021.05.14 06:26:01 ERROR 	[SUCCESSFUL ] org.scala-sbt#collections_2.12;1.2.8!collections_2.12.jar (397ms)[0m
[0m2021.05.14 06:26:01 ERROR downloading https://repo1.maven.org/maven2/com/eed3si9n/sjson-new-core_2.12/0.8.2/sjson-new-core_2.12-0.8.2.jar ...[0m
[0m2021.05.14 06:26:01 ERROR 	[SUCCESSFUL ] org.scala-sbt#command_2.12;1.2.8!command_2.12.jar (528ms)[0m
[0m2021.05.14 06:26:01 ERROR downloading https://repo1.maven.org/maven2/org/spire-math/jawn-parser_2.12/0.10.4/jawn-parser_2.12-0.10.4.jar ...[0m
[0m2021.05.14 06:26:01 ERROR 	[SUCCESSFUL ] org.scala-sbt#zinc-compile_2.12;1.2.5!zinc-compile_2.12.jar (233ms)[0m
[0m2021.05.14 06:26:01 ERROR downloading https://repo1.maven.org/maven2/org/scala-lang/scala-reflect/2.12.7/scala-reflect-2.12.7.jar ...[0m
[0m2021.05.14 06:26:01 ERROR 	[SUCCESSFUL ] org.scala-sbt#util-relation_2.12;1.2.4!util-relation_2.12.jar (261ms)[0m
[0m2021.05.14 06:26:01 ERROR 	[SUCCESSFUL ] com.eed3si9n#sjson-new-scalajson_2.12;0.8.2!sjson-new-scalajson_2.12.jar (258ms)[0m
[0m2021.05.14 06:26:01 ERROR downloading https://repo1.maven.org/maven2/org/scala-sbt/completion_2.12/1.2.8/completion_2.12-1.2.8.jar ...[0m
[0m2021.05.14 06:26:01 ERROR downloading https://repo1.maven.org/maven2/org/scala-sbt/task-system_2.12/1.2.8/task-system_2.12-1.2.8.jar ...[0m
[0m2021.05.14 06:26:01 ERROR 	[SUCCESSFUL ] org.scala-sbt#util-position_2.12;1.2.4!util-position_2.12.jar (255ms)[0m
[0m2021.05.14 06:26:01 ERROR downloading https://repo1.maven.org/maven2/org/scala-sbt/tasks_2.12/1.2.8/tasks_2.12-1.2.8.jar ...[0m
[0m2021.05.14 06:26:01 ERROR 	[SUCCESSFUL ] org.scala-sbt#compiler-interface;1.2.5!compiler-interface.jar (312ms)[0m
[0m2021.05.14 06:26:01 ERROR downloading https://repo1.maven.org/maven2/org/scala-sbt/testing_2.12/1.2.8/testing_2.12-1.2.8.jar ...[0m
[0m2021.05.14 06:26:01 ERROR 	[SUCCESSFUL ] org.scala-lang.modules#scala-xml_2.12;1.0.6!scala-xml_2.12.jar(bundle) (667ms)[0m
[0m2021.05.14 06:26:01 ERROR downloading https://repo1.maven.org/maven2/org/scala-sbt/util-tracking_2.12/1.2.4/util-tracking_2.12-1.2.4.jar ...[0m
[0m2021.05.14 06:26:01 ERROR 	[SUCCESSFUL ] org.scala-sbt#util-logging_2.12;1.2.4!util-logging_2.12.jar (514ms)[0m
[0m2021.05.14 06:26:01 ERROR downloading https://repo1.maven.org/maven2/org/scala-sbt/zinc-classpath_2.12/1.2.5/zinc-classpath_2.12-1.2.5.jar ...[0m
[0m2021.05.14 06:26:01 ERROR 	[SUCCESSFUL ] org.spire-math#jawn-parser_2.12;0.10.4!jawn-parser_2.12.jar (310ms)[0m
[0m2021.05.14 06:26:01 ERROR downloading https://repo1.maven.org/maven2/org/scala-sbt/zinc-apiinfo_2.12/1.2.5/zinc-apiinfo_2.12-1.2.5.jar ...[0m
[0m2021.05.14 06:26:01 ERROR 	[SUCCESSFUL ] org.scala-sbt#main-settings_2.12;1.2.8!main-settings_2.12.jar (844ms)[0m
[0m2021.05.14 06:26:01 ERROR downloading https://repo1.maven.org/maven2/org/scala-sbt/zinc-ivy-integration_2.12/1.2.5/zinc-ivy-integration_2.12-1.2.5.jar ...[0m
[0m2021.05.14 06:26:01 ERROR 	[SUCCESSFUL ] org.scala-sbt#io_2.12;1.2.2!io_2.12.jar (579ms)[0m
[0m2021.05.14 06:26:01 ERROR downloading https://repo1.maven.org/maven2/org/scala-sbt/zinc_2.12/1.2.5/zinc_2.12-1.2.5.jar ...[0m
[0m2021.05.14 06:26:01 ERROR 	[SUCCESSFUL ] org.scala-sbt#tasks_2.12;1.2.8!tasks_2.12.jar (284ms)[0m
[0m2021.05.14 06:26:01 ERROR downloading https://repo1.maven.org/maven2/jline/jline/2.14.6/jline-2.14.6.jar ...[0m
[0m2021.05.14 06:26:01 ERROR 	[SUCCESSFUL ] org.scala-sbt#task-system_2.12;1.2.8!task-system_2.12.jar (298ms)[0m
[0m2021.05.14 06:26:01 ERROR downloading https://repo1.maven.org/maven2/org/scala-sbt/util-control_2.12/1.2.4/util-control_2.12-1.2.4.jar ...[0m
[0m2021.05.14 06:26:01 ERROR 	[SUCCESSFUL ] org.scala-sbt#util-tracking_2.12;1.2.4!util-tracking_2.12.jar (266ms)[0m
[0m2021.05.14 06:26:01 ERROR downloading https://repo1.maven.org/maven2/com/swoval/apple-file-events/1.3.2/apple-file-events-1.3.2.jar ...[0m
[0m2021.05.14 06:26:02 ERROR 	[SUCCESSFUL ] org.scala-sbt#librarymanagement-ivy_2.12;1.2.4!librarymanagement-ivy_2.12.jar (753ms)[0m
[0m2021.05.14 06:26:02 ERROR downloading https://repo1.maven.org/maven2/net/java/dev/jna/jna/4.5.0/jna-4.5.0.jar ...[0m
[0m2021.05.14 06:26:02 ERROR 	[SUCCESSFUL ] org.scala-sbt#completion_2.12;1.2.8!completion_2.12.jar (491ms)[0m
[0m2021.05.14 06:26:02 ERROR downloading https://repo1.maven.org/maven2/net/java/dev/jna/jna-platform/4.5.0/jna-platform-4.5.0.jar ...[0m
[0m2021.05.14 06:26:02 ERROR 	[SUCCESSFUL ] org.scala-sbt#zinc-classpath_2.12;1.2.5!zinc-classpath_2.12.jar (288ms)[0m
[0m2021.05.14 06:26:02 ERROR downloading https://repo1.maven.org/maven2/org/scala-sbt/util-interface/1.2.4/util-interface-1.2.4.jar ...[0m
[0m2021.05.14 06:26:02 ERROR 	[SUCCESSFUL ] org.scala-sbt#testing_2.12;1.2.8!testing_2.12.jar (458ms)[0m
[0m2021.05.14 06:26:02 ERROR downloading https://repo1.maven.org/maven2/org/scala-sbt/util-cache_2.12/1.2.4/util-cache_2.12-1.2.4.jar ...[0m
[0m2021.05.14 06:26:02 ERROR 	[SUCCESSFUL ] org.scala-sbt#zinc-ivy-integration_2.12;1.2.5!zinc-ivy-integration_2.12.jar (288ms)[0m
[0m2021.05.14 06:26:02 ERROR downloading https://repo1.maven.org/maven2/com/eed3si9n/sjson-new-murmurhash_2.12/0.8.2/sjson-new-murmurhash_2.12-0.8.2.jar ...[0m
[0m2021.05.14 06:26:02 ERROR 	[SUCCESSFUL ] org.scala-sbt#util-control_2.12;1.2.4!util-control_2.12.jar (224ms)[0m
[0m2021.05.14 06:26:02 ERROR 	[SUCCESSFUL ] org.scala-sbt#zinc_2.12;1.2.5!zinc_2.12.jar (256ms)[0m
[0m2021.05.14 06:26:02 ERROR downloading https://repo1.maven.org/maven2/org/scala-sbt/test-agent/1.2.8/test-agent-1.2.8.jar ...[0m
[0m2021.05.14 06:26:02 ERROR 	[SUCCESSFUL ] org.scala-sbt#zinc-apiinfo_2.12;1.2.5!zinc-apiinfo_2.12.jar (311ms)[0m
[0m2021.05.14 06:26:02 ERROR downloading https://repo1.maven.org/maven2/org/scala-sbt/compiler-bridge_2.12/1.2.5/compiler-bridge_2.12-1.2.5.jar ...[0m
[0m2021.05.14 06:26:02 ERROR downloading https://repo1.maven.org/maven2/org/scala-sbt/zinc-classfile_2.12/1.2.5/zinc-classfile_2.12-1.2.5.jar ...[0m
[0m2021.05.14 06:26:02 ERROR 	[SUCCESSFUL ] com.swoval#apple-file-events;1.3.2!apple-file-events.jar (227ms)[0m
[0m2021.05.14 06:26:02 ERROR downloading https://repo1.maven.org/maven2/org/scala-lang/scala-compiler/2.12.7/scala-compiler-2.12.7.jar ...[0m
[0m2021.05.14 06:26:02 ERROR 	[SUCCESSFUL ] com.eed3si9n#sjson-new-core_2.12;0.8.2!sjson-new-core_2.12.jar (777ms)[0m
[0m2021.05.14 06:26:02 ERROR downloading https://repo1.maven.org/maven2/com/eed3si9n/gigahorse-okhttp_2.12/0.3.0/gigahorse-okhttp_2.12-0.3.0.jar ...[0m
[0m2021.05.14 06:26:02 ERROR 	[SUCCESSFUL ] org.scala-sbt#librarymanagement-core_2.12;1.2.4!librarymanagement-core_2.12.jar (1010ms)[0m
[0m2021.05.14 06:26:02 ERROR downloading https://repo1.maven.org/maven2/com/eed3si9n/gigahorse-core_2.12/0.3.0/gigahorse-core_2.12-0.3.0.jar ...[0m
[0m2021.05.14 06:26:02 ERROR 	[SUCCESSFUL ] org.apache.logging.log4j#log4j-core;2.11.1!log4j-core.jar (1368ms)[0m
[0m2021.05.14 06:26:02 ERROR downloading https://repo1.maven.org/maven2/com/squareup/okhttp3/okhttp/3.7.0/okhttp-3.7.0.jar ...[0m
[0m2021.05.14 06:26:02 ERROR 	[SUCCESSFUL ] org.scala-sbt#util-interface;1.2.4!util-interface.jar (251ms)[0m
[0m2021.05.14 06:26:02 ERROR downloading https://repo1.maven.org/maven2/com/typesafe/ssl-config-core_2.12/0.2.2/ssl-config-core_2.12-0.2.2.jar ...[0m
[0m2021.05.14 06:26:02 ERROR 	[SUCCESSFUL ] com.eed3si9n#sjson-new-murmurhash_2.12;0.8.2!sjson-new-murmurhash_2.12.jar (262ms)[0m
[0m2021.05.14 06:26:02 ERROR 	[SUCCESSFUL ] jline#jline;2.14.6!jline.jar (477ms)[0m
[0m2021.05.14 06:26:02 ERROR downloading https://repo1.maven.org/maven2/org/reactivestreams/reactive-streams/1.0.0/reactive-streams-1.0.0.jar ...[0m
[0m2021.05.14 06:26:02 ERROR downloading https://repo1.maven.org/maven2/org/slf4j/slf4j-api/1.7.25/slf4j-api-1.7.25.jar ...[0m
[0m2021.05.14 06:26:02 ERROR 	[SUCCESSFUL ] org.scala-sbt#test-agent;1.2.8!test-agent.jar (266ms)[0m
[0m2021.05.14 06:26:02 ERROR downloading https://repo1.maven.org/maven2/com/typesafe/config/1.2.0/config-1.2.0.jar ...[0m
[0m2021.05.14 06:26:02 ERROR 	[SUCCESSFUL ] org.scala-sbt#zinc-classfile_2.12;1.2.5!zinc-classfile_2.12.jar (289ms)[0m
[0m2021.05.14 06:26:02 ERROR downloading https://repo1.maven.org/maven2/com/squareup/okio/okio/1.12.0/okio-1.12.0.jar ...[0m
[0m2021.05.14 06:26:02 ERROR 	[SUCCESSFUL ] com.eed3si9n#gigahorse-okhttp_2.12;0.3.0!gigahorse-okhttp_2.12.jar (322ms)[0m
[0m2021.05.14 06:26:02 ERROR downloading https://repo1.maven.org/maven2/org/scala-sbt/zinc-compile-core_2.12/1.2.5/zinc-compile-core_2.12-1.2.5.jar ...[0m
[0m2021.05.14 06:26:02 ERROR 	[SUCCESSFUL ] org.scala-sbt#main_2.12;1.2.8!main_2.12.jar (1532ms)[0m
[0m2021.05.14 06:26:02 ERROR downloading https://repo1.maven.org/maven2/org/scala-lang/modules/scala-parser-combinators_2.12/1.0.5/scala-parser-combinators_2.12-1.0.5.jar ...[0m
[0m2021.05.14 06:26:02 ERROR 	[SUCCESSFUL ] org.scala-sbt#util-cache_2.12;1.2.4!util-cache_2.12.jar (406ms)[0m
[0m2021.05.14 06:26:02 ERROR downloading https://repo1.maven.org/maven2/org/scala-sbt/zinc-core_2.12/1.2.5/zinc-core_2.12-1.2.5.jar ...[0m
[0m2021.05.14 06:26:02 ERROR 	[SUCCESSFUL ] org.scala-sbt#compiler-bridge_2.12;1.2.5!compiler-bridge_2.12.jar (458ms)[0m
[0m2021.05.14 06:26:02 ERROR downloading https://repo1.maven.org/maven2/org/scala-sbt/zinc-persist_2.12/1.2.5/zinc-persist_2.12-1.2.5.jar ...[0m
[0m2021.05.14 06:26:02 ERROR 	[SUCCESSFUL ] org.reactivestreams#reactive-streams;1.0.0!reactive-streams.jar (374ms)[0m
[0m2021.05.14 06:26:02 ERROR downloading https://repo1.maven.org/maven2/com/trueaccord/scalapb/scalapb-runtime_2.12/0.6.0/scalapb-runtime_2.12-0.6.0.jar ...[0m
[0m2021.05.14 06:26:02 ERROR 	[SUCCESSFUL ] com.eed3si9n#gigahorse-core_2.12;0.3.0!gigahorse-core_2.12.jar (466ms)[0m
[0m2021.05.14 06:26:02 ERROR downloading https://repo1.maven.org/maven2/org/scala-sbt/sbinary_2.12/0.5.0/sbinary_2.12-0.5.0.jar ...[0m
[0m2021.05.14 06:26:02 ERROR 	[SUCCESSFUL ] org.slf4j#slf4j-api;1.7.25!slf4j-api.jar (406ms)[0m
[0m2021.05.14 06:26:02 ERROR downloading https://repo1.maven.org/maven2/com/trueaccord/lenses/lenses_2.12/0.4.12/lenses_2.12-0.4.12.jar ...[0m
[0m2021.05.14 06:26:02 ERROR 	[SUCCESSFUL ] com.typesafe#ssl-config-core_2.12;0.2.2!ssl-config-core_2.12.jar(bundle) (510ms)[0m
[0m2021.05.14 06:26:02 ERROR downloading https://repo1.maven.org/maven2/com/lihaoyi/fastparse_2.12/0.4.2/fastparse_2.12-0.4.2.jar ...[0m
[0m2021.05.14 06:26:02 ERROR 	[SUCCESSFUL ] com.squareup.okio#okio;1.12.0!okio.jar (440ms)[0m
[0m2021.05.14 06:26:02 ERROR downloading https://repo1.maven.org/maven2/com/google/protobuf/protobuf-java/3.3.1/protobuf-java-3.3.1.jar ...[0m
[0m2021.05.14 06:26:02 ERROR 	[SUCCESSFUL ] com.squareup.okhttp3#okhttp;3.7.0!okhttp.jar (586ms)[0m
[0m2021.05.14 06:26:02 ERROR downloading https://repo1.maven.org/maven2/com/lihaoyi/fastparse-utils_2.12/0.4.2/fastparse-utils_2.12-0.4.2.jar ...[0m
[0m2021.05.14 06:26:02 ERROR 	[SUCCESSFUL ] com.typesafe#config;1.2.0!config.jar(bundle) (543ms)[0m
[0m2021.05.14 06:26:02 ERROR downloading https://repo1.maven.org/maven2/com/lihaoyi/sourcecode_2.12/0.1.3/sourcecode_2.12-0.1.3.jar ...[0m
[0m2021.05.14 06:26:02 ERROR 	[SUCCESSFUL ] org.scala-lang.modules#scala-parser-combinators_2.12;1.0.5!scala-parser-combinators_2.12.jar(bundle) (565ms)[0m
[0m2021.05.14 06:26:02 ERROR downloading https://repo1.maven.org/maven2/org/scala-sbt/core-macros_2.12/1.2.8/core-macros_2.12-1.2.8.jar ...[0m
[0m2021.05.14 06:26:03 ERROR 	[SUCCESSFUL ] org.scala-sbt#zinc-core_2.12;1.2.5!zinc-core_2.12.jar (618ms)[0m
[0m2021.05.14 06:26:03 ERROR downloading https://repo1.maven.org/maven2/org/scala-sbt/protocol_2.12/1.2.8/protocol_2.12-1.2.8.jar ...[0m
[0m2021.05.14 06:26:03 ERROR 	[SUCCESSFUL ] org.scala-sbt#zinc-compile-core_2.12;1.2.5!zinc-compile-core_2.12.jar (689ms)[0m
[0m2021.05.14 06:26:03 ERROR downloading https://repo1.maven.org/maven2/org/scala-sbt/ipcsocket/ipcsocket/1.0.0/ipcsocket-1.0.0.jar ...[0m
[0m2021.05.14 06:26:03 ERROR 	[SUCCESSFUL ] com.trueaccord.lenses#lenses_2.12;0.4.12!lenses_2.12.jar (468ms)[0m
[0m2021.05.14 06:26:03 ERROR downloading https://repo1.maven.org/maven2/org/scala-sbt/util-scripted_2.12/1.2.4/util-scripted_2.12-1.2.4.jar ...[0m
[0m2021.05.14 06:26:03 ERROR 	[SUCCESSFUL ] org.scala-sbt#sbinary_2.12;0.5.0!sbinary_2.12.jar (613ms)[0m
[0m2021.05.14 06:26:03 ERROR downloading https://repo1.maven.org/maven2/com/github/cb372/scalacache-core_2.12/0.20.0/scalacache-core_2.12-0.20.0.jar ...[0m
[0m2021.05.14 06:26:03 ERROR 	[SUCCESSFUL ] com.lihaoyi#fastparse-utils_2.12;0.4.2!fastparse-utils_2.12.jar (483ms)[0m
[0m2021.05.14 06:26:03 ERROR downloading https://repo1.maven.org/maven2/com/github/ben-manes/caffeine/caffeine/2.5.6/caffeine-2.5.6.jar ...[0m
[0m2021.05.14 06:26:03 ERROR 	[SUCCESSFUL ] net.java.dev.jna#jna;4.5.0!jna.jar (1390ms)[0m
[0m2021.05.14 06:26:03 ERROR downloading https://repo1.maven.org/maven2/org/scala-sbt/ivy/ivy/2.3.0-sbt-cb9cc189e9f3af519f9f102e6c5d446488ff6832/ivy-2.3.0-sbt-cb9cc189e9f3af519f9f102e6c5d446488ff6832.jar ...[0m
[0m2021.05.14 06:26:03 ERROR 	[SUCCESSFUL ] com.lihaoyi#sourcecode_2.12;0.1.3!sourcecode_2.12.jar (552ms)[0m
[0m2021.05.14 06:26:03 ERROR 	[SUCCESSFUL ] org.scala-sbt#core-macros_2.12;1.2.8!core-macros_2.12.jar (523ms)[0m
[0m2021.05.14 06:26:03 ERROR 	[SUCCESSFUL ] com.lihaoyi#fastparse_2.12;0.4.2!fastparse_2.12.jar (749ms)[0m
[0m2021.05.14 06:26:03 ERROR 	[SUCCESSFUL ] org.scala-sbt.ipcsocket#ipcsocket;1.0.0!ipcsocket.jar (486ms)[0m
[0m2021.05.14 06:26:03 ERROR 	[SUCCESSFUL ] org.scala-sbt#util-scripted_2.12;1.2.4!util-scripted_2.12.jar (526ms)[0m
[0m2021.05.14 06:26:03 ERROR 	[SUCCESSFUL ] org.scala-sbt#protocol_2.12;1.2.8!protocol_2.12.jar (710ms)[0m
[0m2021.05.14 06:26:03 ERROR 	[SUCCESSFUL ] com.github.cb372#scalacache-core_2.12;0.20.0!scalacache-core_2.12.jar (499ms)[0m
[0m2021.05.14 06:26:03 ERROR 	[SUCCESSFUL ] net.java.dev.jna#jna-platform;4.5.0!jna-platform.jar (1797ms)[0m
[0m2021.05.14 06:26:03 ERROR 	[SUCCESSFUL ] org.scala-lang#scala-library;2.12.7!scala-library.jar (3026ms)[0m
[0m2021.05.14 06:26:03 ERROR 	[SUCCESSFUL ] com.google.protobuf#protobuf-java;3.3.1!protobuf-java.jar(bundle) (1191ms)[0m
[0m2021.05.14 06:26:03 ERROR 	[SUCCESSFUL ] org.scala-lang#scala-reflect;2.12.7!scala-reflect.jar (2491ms)[0m
[0m2021.05.14 06:26:04 ERROR 	[SUCCESSFUL ] org.scala-sbt#zinc-persist_2.12;1.2.5!zinc-persist_2.12.jar (1585ms)[0m
[0m2021.05.14 06:26:04 ERROR 	[SUCCESSFUL ] com.github.ben-manes.caffeine#caffeine;2.5.6!caffeine.jar (785ms)[0m
[0m2021.05.14 06:26:04 ERROR 	[SUCCESSFUL ] org.scala-sbt.ivy#ivy;2.3.0-sbt-cb9cc189e9f3af519f9f102e6c5d446488ff6832!ivy.jar (732ms)[0m
[0m2021.05.14 06:26:04 ERROR 	[SUCCESSFUL ] com.trueaccord.scalapb#scalapb-runtime_2.12;0.6.0!scalapb-runtime_2.12.jar (1524ms)[0m
[0m2021.05.14 06:26:04 ERROR 	[SUCCESSFUL ] org.scala-lang#scala-compiler;2.12.7!scala-compiler.jar (2760ms)[0m
[0m2021.05.14 06:26:04 ERROR :: retrieving :: org.scala-sbt#boot-app[0m
[0m2021.05.14 06:26:04 ERROR 	confs: [default][0m
[0m2021.05.14 06:26:04 ERROR 	80 artifacts copied, 0 already retrieved[0m
[0m2021.05.14 06:26:04 ERROR [info] [launcher] getting Scala 2.12.7 (for sbt)...[0m
[0m2021.05.14 06:26:05 ERROR :: retrieving :: org.scala-sbt#boot-scala[0m
[0m2021.05.14 06:26:05 ERROR 	confs: [default][0m
[0m2021.05.14 06:26:05 ERROR 	5 artifacts copied, 0 already retrieved[0m
[0m2021.05.14 06:26:11 INFO  [info] Loading settings for project example-build-build-build from metals.sbt ...[0m
[0m2021.05.14 06:26:11 INFO  [info] Loading project definition from C:\Users\Passawit\OneDrive\Coursera\Functional Programming Principles in Scala\example\project\project\project[0m
[0m2021.05.14 06:26:11 INFO  [info] Updating ProjectRef(uri("file:/C:/Users/Passawit/OneDrive/Coursera/Functional%20Programming%20Principles%20in%20Scala/example/project/project/project/"), "example-build-build-build")...[0m
[0m2021.05.14 06:26:17 INFO  [info] downloading https://repo1.maven.org/maven2/com/google/code/gson/gson/2.7/gson-2.7.jar ...[0m
[0m2021.05.14 06:26:17 INFO  [info] downloading https://repo1.maven.org/maven2/com/google/code/findbugs/jsr305/3.0.2/jsr305-3.0.2.jar ...[0m
[0m2021.05.14 06:26:17 INFO  [info] downloading https://repo1.maven.org/maven2/ch/epfl/scala/sbt-bloop_2.12_1.0/1.4.6/sbt-bloop-1.4.6.jar ...[0m
[0m2021.05.14 06:26:17 INFO  [info] 	[SUCCESSFUL ] com.google.code.findbugs#jsr305;3.0.2!jsr305.jar (288ms)[0m
[0m2021.05.14 06:26:17 INFO  [info] 	[SUCCESSFUL ] com.google.code.gson#gson;2.7!gson.jar (460ms)[0m
[0m2021.05.14 06:26:17 INFO  [info] downloading https://repo1.maven.org/maven2/org/apache/logging/log4j/log4j-core/2.11.1/log4j-core-2.11.1-tests.jar ...[0m
[0m2021.05.14 06:26:18 INFO  [info] 	[SUCCESSFUL ] org.apache.logging.log4j#log4j-core;2.11.1!log4j-core.jar(test-jar) (795ms)[0m
[0m2021.05.14 06:26:18 INFO  [info] 	[SUCCESSFUL ] ch.epfl.scala#sbt-bloop;1.4.6!sbt-bloop.jar (1290ms)[0m
[0m2021.05.14 06:26:18 INFO  [info] Done updating.[0m
[0m2021.05.14 06:26:20 INFO  [info] Loading settings for project example-build-build from metals.sbt ...[0m
[0m2021.05.14 06:26:20 INFO  [info] Loading project definition from C:\Users\Passawit\OneDrive\Coursera\Functional Programming Principles in Scala\example\project\project[0m
[0m2021.05.14 06:26:20 INFO  [info] Updating ProjectRef(uri("file:/C:/Users/Passawit/OneDrive/Coursera/Functional%20Programming%20Principles%20in%20Scala/example/project/project/"), "example-build-build")...[0m
[0m2021.05.14 06:26:23 INFO  [info] Done updating.[0m
[0m2021.05.14 06:26:24 INFO  [info] downloading https://repo1.maven.org/maven2/org/apache/logging/log4j/log4j-core/2.11.1/log4j-core-2.11.1-sources.jar ...[0m
[0m2021.05.14 06:26:24 INFO  [info] downloading https://repo1.maven.org/maven2/org/apache/logging/log4j/log4j-slf4j-impl/2.11.1/log4j-slf4j-impl-2.11.1-sources.jar ...[0m
[0m2021.05.14 06:26:24 INFO  [info] downloading https://repo1.maven.org/maven2/org/spire-math/jawn-parser_2.12/0.10.4/jawn-parser_2.12-0.10.4-sources.jar ...[0m
[0m2021.05.14 06:26:24 INFO  [info] 	[SUCCESSFUL ] org.apache.logging.log4j#log4j-slf4j-impl;2.11.1!log4j-slf4j-impl.jar(src) (162ms)[0m
[0m2021.05.14 06:26:24 INFO  [info] downloading https://repo1.maven.org/maven2/com/eed3si9n/shaded-scalajson_2.12/1.0.0-M4/shaded-scalajson_2.12-1.0.0-M4-sources.jar ...[0m
[0m2021.05.14 06:26:24 INFO  [info] 	[SUCCESSFUL ] org.spire-math#jawn-parser_2.12;0.10.4!jawn-parser_2.12.jar(src) (129ms)[0m
[0m2021.05.14 06:26:24 INFO  [info] 	[SUCCESSFUL ] org.apache.logging.log4j#log4j-core;2.11.1!log4j-core.jar(src) (452ms)[0m
[0m2021.05.14 06:26:24 INFO  [info] downloading https://repo1.maven.org/maven2/org/scala-sbt/util-position_2.12/1.2.4/util-position_2.12-1.2.4-sources.jar ...[0m
[0m2021.05.14 06:26:24 INFO  [info] 	[SUCCESSFUL ] com.eed3si9n#shaded-scalajson_2.12;1.0.0-M4!shaded-scalajson_2.12.jar(src) (121ms)[0m
[0m2021.05.14 06:26:24 INFO  [info] 	[SUCCESSFUL ] org.scala-sbt#util-position_2.12;1.2.4!util-position_2.12.jar(src) (116ms)[0m
[0m2021.05.14 06:26:24 INFO  [info] downloading https://repo1.maven.org/maven2/org/scala-sbt/zinc-ivy-integration_2.12/1.2.5/zinc-ivy-integration_2.12-1.2.5-sources.jar ...[0m
[0m2021.05.14 06:26:24 INFO  [info] 	[SUCCESSFUL ] org.scala-sbt#zinc-ivy-integration_2.12;1.2.5!zinc-ivy-integration_2.12.jar(src) (83ms)[0m
[0m2021.05.14 06:26:24 INFO  [info] downloading https://repo1.maven.org/maven2/org/scala-sbt/launcher-interface/1.0.4/launcher-interface-1.0.4-sources.jar ...[0m
[0m2021.05.14 06:26:24 INFO  [info] downloading https://repo1.maven.org/maven2/org/scala-sbt/ipcsocket/ipcsocket/1.0.0/ipcsocket-1.0.0-sources.jar ...[0m
[0m2021.05.14 06:26:24 INFO  [info] downloading https://repo1.maven.org/maven2/org/scala-sbt/logic_2.12/1.2.8/logic_2.12-1.2.8-sources.jar ...[0m
[0m2021.05.14 06:26:24 INFO  [info] downloading https://repo1.maven.org/maven2/com/eed3si9n/gigahorse-core_2.12/0.3.0/gigahorse-core_2.12-0.3.0-sources.jar ...[0m
[0m2021.05.14 06:26:24 INFO  [info] 	[SUCCESSFUL ] org.scala-sbt#launcher-interface;1.0.4!launcher-interface.jar(src) (210ms)[0m
[0m2021.05.14 06:26:24 INFO  [info] 	[SUCCESSFUL ] org.scala-sbt.ipcsocket#ipcsocket;1.0.0!ipcsocket.jar(src) (114ms)[0m
[0m2021.05.14 06:26:24 INFO  [info] 	[SUCCESSFUL ] org.scala-sbt#logic_2.12;1.2.8!logic_2.12.jar(src) (208ms)[0m
[0m2021.05.14 06:26:26 INFO  [info] 	[SUCCESSFUL ] com.eed3si9n#gigahorse-core_2.12;0.3.0!gigahorse-core_2.12.jar(src) (103ms)[0m
[0m2021.05.14 06:26:26 INFO  [info] downloading https://repo1.maven.org/maven2/org/scala-sbt/zinc-compile-core_2.12/1.2.5/zinc-compile-core_2.12-1.2.5-sources.jar ...[0m
[0m2021.05.14 06:26:26 INFO  [info] 	[SUCCESSFUL ] org.scala-sbt#zinc-compile-core_2.12;1.2.5!zinc-compile-core_2.12.jar(src) (87ms)[0m
[0m2021.05.14 06:26:26 INFO  [info] downloading https://repo1.maven.org/maven2/org/scala-lang/scala-compiler/2.12.7/scala-compiler-2.12.7-sources.jar ...[0m
[0m2021.05.14 06:26:26 INFO  [info] 	[SUCCESSFUL ] org.scala-lang#scala-compiler;2.12.7!scala-compiler.jar(src) (279ms)[0m
[0m2021.05.14 06:26:26 INFO  [info] downloading https://repo1.maven.org/maven2/org/scala-sbt/io_2.12/1.2.2/io_2.12-1.2.2-sources.jar ...[0m
[0m2021.05.14 06:26:26 INFO  [info] downloading https://repo1.maven.org/maven2/org/scala-sbt/core-macros_2.12/1.2.8/core-macros_2.12-1.2.8-sources.jar ...[0m
[0m2021.05.14 06:26:26 INFO  [info] downloading https://repo1.maven.org/maven2/org/scala-sbt/sbt/1.2.8/sbt-1.2.8-sources.jar ...[0m
[0m2021.05.14 06:26:26 INFO  [info] 	[SUCCESSFUL ] org.scala-sbt#io_2.12;1.2.2!io_2.12.jar(src) (100ms)[0m
[0m2021.05.14 06:26:26 INFO  [info] 	[SUCCESSFUL ] org.scala-sbt#core-macros_2.12;1.2.8!core-macros_2.12.jar(src) (106ms)[0m
[0m2021.05.14 06:26:26 INFO  [info] 	[SUCCESSFUL ] org.scala-sbt#sbt;1.2.8!sbt.jar(src) (116ms)[0m
[0m2021.05.14 06:26:26 INFO  [info] downloading https://repo1.maven.org/maven2/net/java/dev/jna/jna/4.5.0/jna-4.5.0-sources.jar ...[0m
[0m2021.05.14 06:26:26 INFO  [info] downloading https://repo1.maven.org/maven2/org/scala-sbt/librarymanagement-core_2.12/1.2.4/librarymanagement-core_2.12-1.2.4-sources.jar ...[0m
[0m2021.05.14 06:26:26 INFO  [info] 	[SUCCESSFUL ] net.java.dev.jna#jna;4.5.0!jna.jar(src) (106ms)[0m
[0m2021.05.14 06:26:26 INFO  [info] downloading https://repo1.maven.org/maven2/org/scala-sbt/tasks_2.12/1.2.8/tasks_2.12-1.2.8-sources.jar ...[0m
[0m2021.05.14 06:26:26 INFO  [info] downloading https://repo1.maven.org/maven2/com/google/code/findbugs/jsr305/3.0.2/jsr305-3.0.2-sources.jar ...[0m
[0m2021.05.14 06:26:26 INFO  [info] 	[SUCCESSFUL ] org.scala-sbt#librarymanagement-core_2.12;1.2.4!librarymanagement-core_2.12.jar(src) (142ms)[0m
[0m2021.05.14 06:26:27 INFO  [info] 	[SUCCESSFUL ] org.scala-sbt#tasks_2.12;1.2.8!tasks_2.12.jar(src) (160ms)[0m
[0m2021.05.14 06:26:27 INFO  [info] downloading https://repo1.maven.org/maven2/org/scala-sbt/task-system_2.12/1.2.8/task-system_2.12-1.2.8-sources.jar ...[0m
[0m2021.05.14 06:26:27 INFO  [info] 	[SUCCESSFUL ] com.google.code.findbugs#jsr305;3.0.2!jsr305.jar(src) (169ms)[0m
[0m2021.05.14 06:26:27 INFO  [info] downloading https://repo1.maven.org/maven2/org/scala-sbt/completion_2.12/1.2.8/completion_2.12-1.2.8-sources.jar ...[0m
[0m2021.05.14 06:26:27 INFO  [info] 	[SUCCESSFUL ] org.scala-sbt#task-system_2.12;1.2.8!task-system_2.12.jar(src) (136ms)[0m
[0m2021.05.14 06:26:27 INFO  [info] 	[SUCCESSFUL ] org.scala-sbt#completion_2.12;1.2.8!completion_2.12.jar(src) (115ms)[0m
[0m2021.05.14 06:26:27 INFO  [info] downloading https://repo1.maven.org/maven2/org/scala-sbt/compiler-bridge_2.12/1.2.5/compiler-bridge_2.12-1.2.5-sources.jar ...[0m
[0m2021.05.14 06:26:27 INFO  [info] 	[SUCCESSFUL ] org.scala-sbt#compiler-bridge_2.12;1.2.5!compiler-bridge_2.12.jar(src) (108ms)[0m
[0m2021.05.14 06:26:27 INFO  [info] downloading https://repo1.maven.org/maven2/org/scala-lang/modules/scala-xml_2.12/1.0.6/scala-xml_2.12-1.0.6-sources.jar ...[0m
[0m2021.05.14 06:26:27 INFO  [info] downloading https://repo1.maven.org/maven2/org/scala-sbt/zinc-compile_2.12/1.2.5/zinc-compile_2.12-1.2.5-sources.jar ...[0m
[0m2021.05.14 06:26:27 INFO  [info] downloading https://repo1.maven.org/maven2/org/scala-sbt/zinc-classpath_2.12/1.2.5/zinc-classpath_2.12-1.2.5-sources.jar ...[0m
[0m2021.05.14 06:26:27 INFO  [info] 	[SUCCESSFUL ] org.scala-lang.modules#scala-xml_2.12;1.0.6!scala-xml_2.12.jar(src) (110ms)[0m
[0m2021.05.14 06:26:27 INFO  [info] 	[SUCCESSFUL ] org.scala-sbt#zinc-compile_2.12;1.2.5!zinc-compile_2.12.jar(src) (113ms)[0m
[0m2021.05.14 06:26:27 INFO  [info] downloading https://repo1.maven.org/maven2/com/squareup/okio/okio/1.12.0/okio-1.12.0-sources.jar ...[0m
[0m2021.05.14 06:26:27 INFO  [info] 	[SUCCESSFUL ] org.scala-sbt#zinc-classpath_2.12;1.2.5!zinc-classpath_2.12.jar(src) (122ms)[0m
[0m2021.05.14 06:26:27 INFO  [info] 	[SUCCESSFUL ] com.squareup.okio#okio;1.12.0!okio.jar(src) (88ms)[0m
[0m2021.05.14 06:26:27 INFO  [info] downloading https://repo1.maven.org/maven2/org/scala-lang/modules/scala-parser-combinators_2.12/1.0.5/scala-parser-combinators_2.12-1.0.5-sources.jar ...[0m
[0m2021.05.14 06:26:27 INFO  [info] 	[SUCCESSFUL ] org.scala-lang.modules#scala-parser-combinators_2.12;1.0.5!scala-parser-combinators_2.12.jar(src) (73ms)[0m
[0m2021.05.14 06:26:27 INFO  [info] downloading https://repo1.maven.org/maven2/com/eed3si9n/sjson-new-scalajson_2.12/0.8.2/sjson-new-scalajson_2.12-0.8.2-sources.jar ...[0m
[0m2021.05.14 06:26:27 INFO  [info] downloading https://repo1.maven.org/maven2/org/scala-sbt/run_2.12/1.2.8/run_2.12-1.2.8-sources.jar ...[0m
[0m2021.05.14 06:26:27 INFO  [info] downloading https://repo1.maven.org/maven2/com/eed3si9n/gigahorse-okhttp_2.12/0.3.0/gigahorse-okhttp_2.12-0.3.0-sources.jar ...[0m
[0m2021.05.14 06:26:27 INFO  [info] 	[SUCCESSFUL ] com.eed3si9n#sjson-new-scalajson_2.12;0.8.2!sjson-new-scalajson_2.12.jar(src) (92ms)[0m
[0m2021.05.14 06:26:27 INFO  [info] downloading https://repo1.maven.org/maven2/com/squareup/okhttp3/okhttp/3.7.0/okhttp-3.7.0-sources.jar ...[0m
[0m2021.05.14 06:26:27 INFO  [info] 	[SUCCESSFUL ] org.scala-sbt#run_2.12;1.2.8!run_2.12.jar(src) (109ms)[0m
[0m2021.05.14 06:26:27 INFO  [info] downloading https://repo1.maven.org/maven2/org/scala-sbt/main-settings_2.12/1.2.8/main-settings_2.12-1.2.8-sources.jar ...[0m
[0m2021.05.14 06:26:27 INFO  [info] 	[SUCCESSFUL ] com.eed3si9n#gigahorse-okhttp_2.12;0.3.0!gigahorse-okhttp_2.12.jar(src) (129ms)[0m
[0m2021.05.14 06:26:27 INFO  [info] 	[SUCCESSFUL ] com.squareup.okhttp3#okhttp;3.7.0!okhttp.jar(src) (117ms)[0m
[0m2021.05.14 06:26:27 INFO  [info] downloading https://repo1.maven.org/maven2/com/swoval/apple-file-events/1.3.2/apple-file-events-1.3.2-sources.jar ...[0m
[0m2021.05.14 06:26:27 INFO  [info] 	[SUCCESSFUL ] org.scala-sbt#main-settings_2.12;1.2.8!main-settings_2.12.jar(src) (152ms)[0m
[0m2021.05.14 06:26:27 INFO  [info] 	[SUCCESSFUL ] com.swoval#apple-file-events;1.3.2!apple-file-events.jar(src) (98ms)[0m
[0m2021.05.14 06:26:28 INFO  [info] downloading https://repo1.maven.org/maven2/com/lihaoyi/fastparse-utils_2.12/0.4.2/fastparse-utils_2.12-0.4.2-sources.jar ...[0m
[0m2021.05.14 06:26:28 INFO  [info] downloading https://repo1.maven.org/maven2/com/typesafe/ssl-config-core_2.12/0.2.2/ssl-config-core_2.12-0.2.2-sources.jar ...[0m
[0m2021.05.14 06:26:28 INFO  [info] 	[SUCCESSFUL ] com.lihaoyi#fastparse-utils_2.12;0.4.2!fastparse-utils_2.12.jar(src) (82ms)[0m
[0m2021.05.14 06:26:28 INFO  [info] 	[SUCCESSFUL ] com.typesafe#ssl-config-core_2.12;0.2.2!ssl-config-core_2.12.jar(src) (92ms)[0m
[0m2021.05.14 06:26:28 INFO  [info] downloading https://repo1.maven.org/maven2/com/trueaccord/lenses/lenses_2.12/0.4.12/lenses_2.12-0.4.12-sources.jar ...[0m
[0m2021.05.14 06:26:28 INFO  [info] downloading https://repo1.maven.org/maven2/com/google/code/gson/gson/2.7/gson-2.7-sources.jar ...[0m
[0m2021.05.14 06:26:28 INFO  [info] 	[SUCCESSFUL ] com.trueaccord.lenses#lenses_2.12;0.4.12!lenses_2.12.jar(src) (81ms)[0m
[0m2021.05.14 06:26:28 INFO  [info] downloading https://repo1.maven.org/maven2/org/scala-sbt/collections_2.12/1.2.8/collections_2.12-1.2.8-sources.jar ...[0m
[0m2021.05.14 06:26:28 INFO  [info] 	[SUCCESSFUL ] com.google.code.gson#gson;2.7!gson.jar(src) (160ms)[0m
[0m2021.05.14 06:26:28 INFO  [info] 	[SUCCESSFUL ] org.scala-sbt#collections_2.12;1.2.8!collections_2.12.jar(src) (108ms)[0m
[0m2021.05.14 06:26:28 INFO  [info] downloading https://repo1.maven.org/maven2/com/github/cb372/scalacache-core_2.12/0.20.0/scalacache-core_2.12-0.20.0-sources.jar ...[0m
[0m2021.05.14 06:26:28 INFO  [info] downloading https://repo1.maven.org/maven2/org/scala-sbt/zinc_2.12/1.2.5/zinc_2.12-1.2.5-sources.jar ...[0m
[0m2021.05.14 06:26:28 INFO  [info] downloading https://repo1.maven.org/maven2/com/google/protobuf/protobuf-java/3.3.1/protobuf-java-3.3.1-sources.jar ...[0m
[0m2021.05.14 06:26:28 INFO  [info] downloading https://repo1.maven.org/maven2/org/slf4j/slf4j-api/1.7.25/slf4j-api-1.7.25-sources.jar ...[0m
[0m2021.05.14 06:26:28 INFO  [info] 	[SUCCESSFUL ] org.scala-sbt#zinc_2.12;1.2.5!zinc_2.12.jar(src) (186ms)[0m
[0m2021.05.14 06:26:28 INFO  [info] 	[SUCCESSFUL ] com.github.cb372#scalacache-core_2.12;0.20.0!scalacache-core_2.12.jar(src) (212ms)[0m
[0m2021.05.14 06:26:28 INFO  [info] 	[SUCCESSFUL ] org.slf4j#slf4j-api;1.7.25!slf4j-api.jar(src) (158ms)[0m
[0m2021.05.14 06:26:28 INFO  [info] 	[SUCCESSFUL ] com.google.protobuf#protobuf-java;3.3.1!protobuf-java.jar(src) (205ms)[0m
[0m2021.05.14 06:26:28 INFO  [info] downloading https://repo1.maven.org/maven2/org/scala-sbt/sbinary_2.12/0.5.0/sbinary_2.12-0.5.0-sources.jar ...[0m
[0m2021.05.14 06:26:28 INFO  [info] downloading https://repo1.maven.org/maven2/org/apache/logging/log4j/log4j-api/2.11.1/log4j-api-2.11.1-sources.jar ...[0m
[0m2021.05.14 06:26:28 INFO  [info] 	[SUCCESSFUL ] org.scala-sbt#sbinary_2.12;0.5.0!sbinary_2.12.jar(src) (104ms)[0m
[0m2021.05.14 06:26:28 INFO  [info] 	[SUCCESSFUL ] org.apache.logging.log4j#log4j-api;2.11.1!log4j-api.jar(src) (121ms)[0m
[0m2021.05.14 06:26:28 INFO  [info] downloading https://repo1.maven.org/maven2/org/scala-sbt/protocol_2.12/1.2.8/protocol_2.12-1.2.8-sources.jar ...[0m
[0m2021.05.14 06:26:28 INFO  [info] 	[SUCCESSFUL ] org.scala-sbt#protocol_2.12;1.2.8!protocol_2.12.jar(src) (76ms)[0m
[0m2021.05.14 06:26:29 INFO  [info] downloading https://repo1.maven.org/maven2/org/scala-sbt/testing_2.12/1.2.8/testing_2.12-1.2.8-sources.jar ...[0m
[0m2021.05.14 06:26:29 INFO  [info] downloading https://repo1.maven.org/maven2/org/scala-sbt/scripted-sbt-redux_2.12/1.2.8/scripted-sbt-redux_2.12-1.2.8-sources.jar ...[0m
[0m2021.05.14 06:26:29 INFO  [info] 	[SUCCESSFUL ] org.scala-sbt#testing_2.12;1.2.8!testing_2.12.jar(src) (94ms)[0m
[0m2021.05.14 06:26:29 INFO  [info] 	[SUCCESSFUL ] org.scala-sbt#scripted-sbt-redux_2.12;1.2.8!scripted-sbt-redux_2.12.jar(src) (104ms)[0m
[0m2021.05.14 06:26:29 INFO  [info] downloading https://repo1.maven.org/maven2/org/scala-sbt/util-control_2.12/1.2.4/util-control_2.12-1.2.4-sources.jar ...[0m
[0m2021.05.14 06:26:29 INFO  [info] downloading https://repo1.maven.org/maven2/com/eed3si9n/sjson-new-murmurhash_2.12/0.8.2/sjson-new-murmurhash_2.12-0.8.2-sources.jar ...[0m
[0m2021.05.14 06:26:29 INFO  [info] downloading https://repo1.maven.org/maven2/net/java/dev/jna/jna-platform/4.5.0/jna-platform-4.5.0-sources.jar ...[0m
[0m2021.05.14 06:26:29 INFO  [info] 	[SUCCESSFUL ] org.scala-sbt#util-control_2.12;1.2.4!util-control_2.12.jar(src) (113ms)[0m
[0m2021.05.14 06:26:29 INFO  [info] 	[SUCCESSFUL ] com.eed3si9n#sjson-new-murmurhash_2.12;0.8.2!sjson-new-murmurhash_2.12.jar(src) (116ms)[0m
[0m2021.05.14 06:26:29 INFO  [info] downloading https://repo1.maven.org/maven2/org/scala-sbt/main_2.12/1.2.8/main_2.12-1.2.8-sources.jar ...[0m
[0m2021.05.14 06:26:29 INFO  [info] 	[SUCCESSFUL ] net.java.dev.jna#jna-platform;4.5.0!jna-platform.jar(src) (185ms)[0m
[0m2021.05.14 06:26:29 INFO  [info] downloading https://repo1.maven.org/maven2/org/scala-sbt/template-resolver/0.1/template-resolver-0.1-sources.jar ...[0m
[0m2021.05.14 06:26:29 INFO  [info] downloading https://repo1.maven.org/maven2/com/lihaoyi/sourcecode_2.12/0.1.3/sourcecode_2.12-0.1.3-sources.jar ...[0m
[0m2021.05.14 06:26:29 INFO  [info] 	[SUCCESSFUL ] org.scala-sbt#main_2.12;1.2.8!main_2.12.jar(src) (177ms)[0m
[0m2021.05.14 06:26:29 INFO  [info] 	[SUCCESSFUL ] com.lihaoyi#sourcecode_2.12;0.1.3!sourcecode_2.12.jar(src) (85ms)[0m
[0m2021.05.14 06:26:29 INFO  [info] 	[SUCCESSFUL ] org.scala-sbt#template-resolver;0.1!template-resolver.jar(src) (212ms)[0m
[0m2021.05.14 06:26:29 INFO  [info] downloading https://repo1.maven.org/maven2/org/scala-sbt/zinc-persist_2.12/1.2.5/zinc-persist_2.12-1.2.5-sources.jar ...[0m
[0m2021.05.14 06:26:29 INFO  [info] 	[SUCCESSFUL ] org.scala-sbt#zinc-persist_2.12;1.2.5!zinc-persist_2.12.jar(src) (88ms)[0m
[0m2021.05.14 06:26:29 INFO  [info] downloading https://repo1.maven.org/maven2/org/scala-sbt/zinc-core_2.12/1.2.5/zinc-core_2.12-1.2.5-sources.jar ...[0m
[0m2021.05.14 06:26:29 INFO  [info] downloading https://repo1.maven.org/maven2/org/scala-sbt/zinc-classfile_2.12/1.2.5/zinc-classfile_2.12-1.2.5-sources.jar ...[0m
[0m2021.05.14 06:26:29 INFO  [info] 	[SUCCESSFUL ] org.scala-sbt#zinc-core_2.12;1.2.5!zinc-core_2.12.jar(src) (84ms)[0m
[0m2021.05.14 06:26:29 INFO  [info] downloading https://repo1.maven.org/maven2/com/lmax/disruptor/3.4.2/disruptor-3.4.2-sources.jar ...[0m
[0m2021.05.14 06:26:29 INFO  [info] 	[SUCCESSFUL ] org.scala-sbt#zinc-classfile_2.12;1.2.5!zinc-classfile_2.12.jar(src) (112ms)[0m
[0m2021.05.14 06:26:29 INFO  [info] 	[SUCCESSFUL ] com.lmax#disruptor;3.4.2!disruptor.jar(src) (106ms)[0m
[0m2021.05.14 06:26:30 INFO  [info] downloading https://repo1.maven.org/maven2/org/scala-sbt/compiler-interface/1.2.5/compiler-interface-1.2.5-sources.jar ...[0m
[0m2021.05.14 06:26:30 INFO  [info] 	[SUCCESSFUL ] org.scala-sbt#compiler-interface;1.2.5!compiler-interface.jar(src) (72ms)[0m
[0m2021.05.14 06:26:30 INFO  [info] downloading https://repo1.maven.org/maven2/org/scala-sbt/util-relation_2.12/1.2.4/util-relation_2.12-1.2.4-sources.jar ...[0m
[0m2021.05.14 06:26:30 INFO  [info] downloading https://repo1.maven.org/maven2/org/scala-sbt/librarymanagement-ivy_2.12/1.2.4/librarymanagement-ivy_2.12-1.2.4-sources.jar ...[0m
[0m2021.05.14 06:26:30 INFO  [info] 	[SUCCESSFUL ] org.scala-sbt#util-relation_2.12;1.2.4!util-relation_2.12.jar(src) (87ms)[0m
[0m2021.05.14 06:26:30 INFO  [info] downloading https://repo1.maven.org/maven2/com/jcraft/jsch/0.1.54/jsch-0.1.54-sources.jar ...[0m
[0m2021.05.14 06:26:30 INFO  [info] downloading https://repo1.maven.org/maven2/org/scala-lang/scala-reflect/2.12.7/scala-reflect-2.12.7-sources.jar ...[0m
[0m2021.05.14 06:26:30 INFO  [info] 	[SUCCESSFUL ] org.scala-sbt#librarymanagement-ivy_2.12;1.2.4!librarymanagement-ivy_2.12.jar(src) (125ms)[0m
[0m2021.05.14 06:26:30 INFO  [info] downloading https://repo1.maven.org/maven2/org/scala-sbt/zinc-apiinfo_2.12/1.2.5/zinc-apiinfo_2.12-1.2.5-sources.jar ...[0m
[0m2021.05.14 06:26:30 INFO  [info] downloading https://repo1.maven.org/maven2/org/scala-sbt/command_2.12/1.2.8/command_2.12-1.2.8-sources.jar ...[0m
[0m2021.05.14 06:26:30 INFO  [info] 	[SUCCESSFUL ] com.jcraft#jsch;0.1.54!jsch.jar(src) (169ms)[0m
[0m2021.05.14 06:26:30 INFO  [info] 	[SUCCESSFUL ] org.scala-lang#scala-reflect;2.12.7!scala-reflect.jar(src) (162ms)[0m
[0m2021.05.14 06:26:30 INFO  [info] 	[SUCCESSFUL ] org.scala-sbt#zinc-apiinfo_2.12;1.2.5!zinc-apiinfo_2.12.jar(src) (123ms)[0m
[0m2021.05.14 06:26:30 INFO  [info] 	[SUCCESSFUL ] org.scala-sbt#command_2.12;1.2.8!command_2.12.jar(src) (92ms)[0m
[0m2021.05.14 06:26:30 INFO  [info] downloading https://repo1.maven.org/maven2/org/scala-lang/scala-library/2.12.7/scala-library-2.12.7-sources.jar ...[0m
[0m2021.05.14 06:26:30 INFO  [info] downloading https://repo1.maven.org/maven2/com/squareup/okhttp3/okhttp-urlconnection/3.7.0/okhttp-urlconnection-3.7.0-sources.jar ...[0m
[0m2021.05.14 06:26:30 INFO  [info] downloading https://repo1.maven.org/maven2/org/scala-sbt/scripted-plugin_2.12/1.2.8/scripted-plugin_2.12-1.2.8-sources.jar ...[0m
[0m2021.05.14 06:26:30 INFO  [info] 	[SUCCESSFUL ] com.squareup.okhttp3#okhttp-urlconnection;3.7.0!okhttp-urlconnection.jar(src) (121ms)[0m
[0m2021.05.14 06:26:30 INFO  [info] 	[SUCCESSFUL ] org.scala-lang#scala-library;2.12.7!scala-library.jar(src) (215ms)[0m
[0m2021.05.14 06:26:30 INFO  [info] 	[SUCCESSFUL ] org.scala-sbt#scripted-plugin_2.12;1.2.8!scripted-plugin_2.12.jar(src) (81ms)[0m
[0m2021.05.14 06:26:30 INFO  [info] downloading https://repo1.maven.org/maven2/jline/jline/2.14.6/jline-2.14.6-sources.jar ...[0m
[0m2021.05.14 06:26:30 INFO  [info] downloading https://repo1.maven.org/maven2/org/scala-sbt/util-logging_2.12/1.2.4/util-logging_2.12-1.2.4-sources.jar ...[0m
[0m2021.05.14 06:26:30 INFO  [info] downloading https://repo1.maven.org/maven2/org/scala-sbt/util-interface/1.2.4/util-interface-1.2.4-sources.jar ...[0m
[0m2021.05.14 06:26:30 INFO  [info] 	[SUCCESSFUL ] jline#jline;2.14.6!jline.jar(src) (107ms)[0m
[0m2021.05.14 06:26:30 INFO  [info] 	[SUCCESSFUL ] org.scala-sbt#util-interface;1.2.4!util-interface.jar(src) (99ms)[0m
[0m2021.05.14 06:26:30 INFO  [info] 	[SUCCESSFUL ] org.scala-sbt#util-logging_2.12;1.2.4!util-logging_2.12.jar(src) (120ms)[0m
[0m2021.05.14 06:26:31 INFO  [info] downloading https://repo1.maven.org/maven2/com/typesafe/config/1.2.0/config-1.2.0-sources.jar ...[0m
[0m2021.05.14 06:26:31 INFO  [info] 	[SUCCESSFUL ] com.typesafe#config;1.2.0!config.jar(src) (247ms)[0m
[0m2021.05.14 06:26:31 INFO  [info] downloading https://repo1.maven.org/maven2/ch/epfl/scala/sbt-bloop_2.12_1.0/1.4.6/sbt-bloop-1.4.6-sources.jar ...[0m
[0m2021.05.14 06:26:31 INFO  [info] 	[SUCCESSFUL ] ch.epfl.scala#sbt-bloop;1.4.6!sbt-bloop.jar(src) (70ms)[0m
[0m2021.05.14 06:26:31 INFO  [info] downloading https://repo1.maven.org/maven2/org/scala-sbt/util-cache_2.12/1.2.4/util-cache_2.12-1.2.4-sources.jar ...[0m
[0m2021.05.14 06:26:31 INFO  [info] downloading https://repo1.maven.org/maven2/com/github/ben-manes/caffeine/caffeine/2.5.6/caffeine-2.5.6-sources.jar ...[0m
[0m2021.05.14 06:26:31 INFO  [info] 	[SUCCESSFUL ] org.scala-sbt#util-cache_2.12;1.2.4!util-cache_2.12.jar(src) (118ms)[0m
[0m2021.05.14 06:26:31 INFO  [info] 	[SUCCESSFUL ] com.github.ben-manes.caffeine#caffeine;2.5.6!caffeine.jar(src) (120ms)[0m
[0m2021.05.14 06:26:31 INFO  [info] downloading https://repo1.maven.org/maven2/org/scala-sbt/test-agent/1.2.8/test-agent-1.2.8-sources.jar ...[0m
[0m2021.05.14 06:26:31 INFO  [info] downloading https://repo1.maven.org/maven2/com/trueaccord/scalapb/scalapb-runtime_2.12/0.6.0/scalapb-runtime_2.12-0.6.0-sources.jar ...[0m
[0m2021.05.14 06:26:31 INFO  [info] 	[SUCCESSFUL ] org.scala-sbt#test-agent;1.2.8!test-agent.jar(src) (169ms)[0m
[0m2021.05.14 06:26:31 INFO  [info] downloading https://repo1.maven.org/maven2/org/scala-sbt/test-interface/1.0/test-interface-1.0-sources.jar ...[0m
[0m2021.05.14 06:26:31 INFO  [info] 	[SUCCESSFUL ] com.trueaccord.scalapb#scalapb-runtime_2.12;0.6.0!scalapb-runtime_2.12.jar(src) (181ms)[0m
[0m2021.05.14 06:26:31 INFO  [info] downloading https://repo1.maven.org/maven2/org/scala-sbt/util-scripted_2.12/1.2.4/util-scripted_2.12-1.2.4-sources.jar ...[0m
[0m2021.05.14 06:26:31 INFO  [info] 	[SUCCESSFUL ] org.scala-sbt#test-interface;1.0!test-interface.jar(src) (155ms)[0m
[0m2021.05.14 06:26:31 INFO  [info] 	[SUCCESSFUL ] org.scala-sbt#util-scripted_2.12;1.2.4!util-scripted_2.12.jar(src) (89ms)[0m
[0m2021.05.14 06:26:31 INFO  [info] downloading https://repo1.maven.org/maven2/org/scala-sbt/actions_2.12/1.2.8/actions_2.12-1.2.8-sources.jar ...[0m
[0m2021.05.14 06:26:31 INFO  [info] downloading https://repo1.maven.org/maven2/com/github/cb372/scalacache-caffeine_2.12/0.20.0/scalacache-caffeine_2.12-0.20.0-sources.jar ...[0m
[0m2021.05.14 06:26:31 INFO  [info] 	[SUCCESSFUL ] org.scala-sbt#actions_2.12;1.2.8!actions_2.12.jar(src) (95ms)[0m
[0m2021.05.14 06:26:31 INFO  [info] 	[SUCCESSFUL ] com.github.cb372#scalacache-caffeine_2.12;0.20.0!scalacache-caffeine_2.12.jar(src) (89ms)[0m
[0m2021.05.14 06:26:31 INFO  [info] downloading https://repo1.maven.org/maven2/com/lihaoyi/fastparse_2.12/0.4.2/fastparse_2.12-0.4.2-sources.jar ...[0m
[0m2021.05.14 06:26:31 INFO  [info] downloading https://repo1.maven.org/maven2/org/reactivestreams/reactive-streams/1.0.0/reactive-streams-1.0.0-sources.jar ...[0m
[0m2021.05.14 06:26:31 INFO  [info] downloading https://repo1.maven.org/maven2/com/eed3si9n/sjson-new-core_2.12/0.8.2/sjson-new-core_2.12-0.8.2-sources.jar ...[0m
[0m2021.05.14 06:26:31 INFO  [info] 	[SUCCESSFUL ] com.lihaoyi#fastparse_2.12;0.4.2!fastparse_2.12.jar(src) (114ms)[0m
[0m2021.05.14 06:26:31 INFO  [info] 	[SUCCESSFUL ] org.reactivestreams#reactive-streams;1.0.0!reactive-streams.jar(src) (114ms)[0m
[0m2021.05.14 06:26:32 INFO  [info] 	[SUCCESSFUL ] com.eed3si9n#sjson-new-core_2.12;0.8.2!sjson-new-core_2.12.jar(src) (109ms)[0m
[0m2021.05.14 06:26:32 INFO  [info] downloading https://repo1.maven.org/maven2/org/scala-sbt/util-tracking_2.12/1.2.4/util-tracking_2.12-1.2.4-sources.jar ...[0m
[0m2021.05.14 06:26:32 INFO  [info] downloading https://repo1.maven.org/maven2/org/scala-sbt/ivy/ivy/2.3.0-sbt-cb9cc189e9f3af519f9f102e6c5d446488ff6832/ivy-2.3.0-sbt-cb9cc189e9f3af519f9f102e6c5d446488ff6832-sources.jar ...[0m
[0m2021.05.14 06:26:32 INFO  [info] 	[SUCCESSFUL ] org.scala-sbt#util-tracking_2.12;1.2.4!util-tracking_2.12.jar(src) (121ms)[0m
[0m2021.05.14 06:26:32 INFO  [info] 	[SUCCESSFUL ] org.scala-sbt.ivy#ivy;2.3.0-sbt-cb9cc189e9f3af519f9f102e6c5d446488ff6832!ivy.jar(src) (169ms)[0m
[0m2021.05.14 06:26:32 INFO  [success] Generated .bloop\example-build-build.json[0m
[0m2021.05.14 06:26:33 INFO  [success] Total time: 12 s, completed May 14, 2021, 6:26:33 AM[0m
[0m2021.05.14 06:26:35 INFO  [info] Loading settings for project example-build from buildSettings.sbt,metals.sbt,plugins.sbt ...[0m
[0m2021.05.14 06:26:35 INFO  [info] Loading project definition from C:\Users\Passawit\OneDrive\Coursera\Functional Programming Principles in Scala\example\project[0m
[0m2021.05.14 06:26:35 INFO  [info] Updating ProjectRef(uri("file:/C:/Users/Passawit/OneDrive/Coursera/Functional%20Programming%20Principles%20in%20Scala/example/project/"), "example-build")...[0m
[0m2021.05.14 06:27:16 INFO  [info] downloading https://repo1.maven.org/maven2/commons-codec/commons-codec/1.10/commons-codec-1.10.jar ...[0m
[0m2021.05.14 06:27:16 INFO  [info] downloading https://repo1.maven.org/maven2/com/typesafe/play/play-json_2.12/2.6.9/play-json_2.12-2.6.9.jar ...[0m
[0m2021.05.14 06:27:16 INFO  [info] downloading https://repo1.maven.org/maven2/org/scalaj/scalaj-http_2.12/2.3.0/scalaj-http_2.12-2.3.0.jar ...[0m
[0m2021.05.14 06:27:16 INFO  [info] downloading https://repo1.maven.org/maven2/com/typesafe/play/play-functional_2.12/2.6.9/play-functional_2.12-2.6.9.jar ...[0m
[0m2021.05.14 06:27:16 INFO  [info] downloading https://repo1.maven.org/maven2/io/get-coursier/sbt-coursier_2.12_1.0/2.0.0-RC3-5/sbt-coursier-2.0.0-RC3-5.jar ...[0m
[0m2021.05.14 06:27:16 INFO  [info] downloading https://repo1.maven.org/maven2/ch/epfl/scala/sbt-scalafix_2.12_1.0/0.9.7/sbt-scalafix-0.9.7.jar ...[0m
[0m2021.05.14 06:27:16 INFO  [info] 	[SUCCESSFUL ] org.scalaj#scalaj-http_2.12;2.3.0!scalaj-http_2.12.jar (172ms)[0m
[0m2021.05.14 06:27:16 INFO  [info] downloading https://repo1.maven.org/maven2/org/typelevel/macro-compat_2.12/1.1.1/macro-compat_2.12-1.1.1.jar ...[0m
[0m2021.05.14 06:27:16 INFO  [info] 	[SUCCESSFUL ] com.typesafe.play#play-functional_2.12;2.6.9!play-functional_2.12.jar (174ms)[0m
[0m2021.05.14 06:27:16 INFO  [info] downloading https://repo1.maven.org/maven2/joda-time/joda-time/2.9.9/joda-time-2.9.9.jar ...[0m
[0m2021.05.14 06:27:16 INFO  [info] 	[SUCCESSFUL ] io.get-coursier#sbt-coursier;2.0.0-RC3-5!sbt-coursier.jar (179ms)[0m
[0m2021.05.14 06:27:16 INFO  [info] downloading https://repo1.maven.org/maven2/com/fasterxml/jackson/core/jackson-core/2.8.9/jackson-core-2.8.9.jar ...[0m
[0m2021.05.14 06:27:16 INFO  [info] 	[SUCCESSFUL ] commons-codec#commons-codec;1.10!commons-codec.jar (188ms)[0m
[0m2021.05.14 06:27:16 INFO  [info] downloading https://repo1.maven.org/maven2/com/fasterxml/jackson/core/jackson-annotations/2.8.9/jackson-annotations-2.8.9.jar ...[0m
[0m2021.05.14 06:27:16 INFO  [info] 	[SUCCESSFUL ] ch.epfl.scala#sbt-scalafix;0.9.7!sbt-scalafix.jar (192ms)[0m
[0m2021.05.14 06:27:16 INFO  [info] downloading https://repo1.maven.org/maven2/com/fasterxml/jackson/core/jackson-databind/2.8.9/jackson-databind-2.8.9.jar ...[0m
[0m2021.05.14 06:27:16 INFO  [info] 	[SUCCESSFUL ] com.typesafe.play#play-json_2.12;2.6.9!play-json_2.12.jar (235ms)[0m
[0m2021.05.14 06:27:16 INFO  [info] downloading https://repo1.maven.org/maven2/com/fasterxml/jackson/datatype/jackson-datatype-jdk8/2.8.9/jackson-datatype-jdk8-2.8.9.jar ...[0m
[0m2021.05.14 06:27:16 INFO  [info] 	[SUCCESSFUL ] org.typelevel#macro-compat_2.12;1.1.1!macro-compat_2.12.jar (142ms)[0m
[0m2021.05.14 06:27:16 INFO  [info] downloading https://repo1.maven.org/maven2/com/fasterxml/jackson/datatype/jackson-datatype-jsr310/2.8.9/jackson-datatype-jsr310-2.8.9.jar ...[0m
[0m2021.05.14 06:27:16 INFO  [info] 	[SUCCESSFUL ] com.fasterxml.jackson.core#jackson-core;2.8.9!jackson-core.jar(bundle) (186ms)[0m
[0m2021.05.14 06:27:16 INFO  [info] 	[SUCCESSFUL ] com.fasterxml.jackson.core#jackson-annotations;2.8.9!jackson-annotations.jar(bundle) (183ms)[0m
[0m2021.05.14 06:27:16 INFO  [info] downloading https://repo1.maven.org/maven2/io/get-coursier/lm-coursier_2.12/2.0.0-RC3-5/lm-coursier_2.12-2.0.0-RC3-5.jar ...[0m
[0m2021.05.14 06:27:16 INFO  [info] downloading https://repo1.maven.org/maven2/io/get-coursier/sbt-coursier-shared_2.12_1.0/2.0.0-RC3-5/sbt-coursier-shared-2.0.0-RC3-5.jar ...[0m
[0m2021.05.14 06:27:16 INFO  [info] 	[SUCCESSFUL ] com.fasterxml.jackson.datatype#jackson-datatype-jdk8;2.8.9!jackson-datatype-jdk8.jar(bundle) (157ms)[0m
[0m2021.05.14 06:27:16 INFO  [info] downloading https://repo1.maven.org/maven2/io/get-coursier/coursier_2.12/2.0.0-RC3-4/coursier_2.12-2.0.0-RC3-4.jar ...[0m
[0m2021.05.14 06:27:16 INFO  [info] 	[SUCCESSFUL ] joda-time#joda-time;2.9.9!joda-time.jar (238ms)[0m
[0m2021.05.14 06:27:16 INFO  [info] downloading https://repo1.maven.org/maven2/io/get-coursier/coursier-core_2.12/2.0.0-RC3-4/coursier-core_2.12-2.0.0-RC3-4.jar ...[0m
[0m2021.05.14 06:27:16 INFO  [info] 	[SUCCESSFUL ] com.fasterxml.jackson.datatype#jackson-datatype-jsr310;2.8.9!jackson-datatype-jsr310.jar(bundle) (138ms)[0m
[0m2021.05.14 06:27:16 INFO  [info] downloading https://repo1.maven.org/maven2/io/get-coursier/coursier-cache_2.12/2.0.0-RC3-4/coursier-cache_2.12-2.0.0-RC3-4.jar ...[0m
[0m2021.05.14 06:27:16 INFO  [info] 	[SUCCESSFUL ] com.fasterxml.jackson.core#jackson-databind;2.8.9!jackson-databind.jar(bundle) (318ms)[0m
[0m2021.05.14 06:27:16 INFO  [info] downloading https://repo1.maven.org/maven2/com/github/alexarchambault/argonaut-shapeless_6.2_2.12/1.2.0-M11/argonaut-shapeless_6.2_2.12-1.2.0-M11.jar ...[0m
[0m2021.05.14 06:27:16 INFO  [info] 	[SUCCESSFUL ] io.get-coursier#lm-coursier_2.12;2.0.0-RC3-5!lm-coursier_2.12.jar (162ms)[0m
[0m2021.05.14 06:27:16 INFO  [info] downloading https://repo1.maven.org/maven2/io/get-coursier/coursier-util_2.12/2.0.0-RC3-4/coursier-util_2.12-2.0.0-RC3-4.jar ...[0m
[0m2021.05.14 06:27:16 INFO  [info] 	[SUCCESSFUL ] io.get-coursier#sbt-coursier-shared;2.0.0-RC3-5!sbt-coursier-shared.jar (178ms)[0m
[0m2021.05.14 06:27:16 INFO  [info] downloading https://repo1.maven.org/maven2/org/scala-lang/modules/scala-xml_2.12/1.2.0/scala-xml_2.12-1.2.0.jar ...[0m
[0m2021.05.14 06:27:16 INFO  [info] 	[SUCCESSFUL ] io.get-coursier#coursier_2.12;2.0.0-RC3-4!coursier_2.12.jar (220ms)[0m
[0m2021.05.14 06:27:16 INFO  [info] downloading https://repo1.maven.org/maven2/io/argonaut/argonaut_2.12/6.2.3/argonaut_2.12-6.2.3.jar ...[0m
[0m2021.05.14 06:27:16 INFO  [info] 	[SUCCESSFUL ] com.github.alexarchambault#argonaut-shapeless_6.2_2.12;1.2.0-M11!argonaut-shapeless_6.2_2.12.jar (191ms)[0m
[0m2021.05.14 06:27:16 INFO  [info] downloading https://repo1.maven.org/maven2/com/chuusai/shapeless_2.12/2.3.3/shapeless_2.12-2.3.3.jar ...[0m
[0m2021.05.14 06:27:16 INFO  [info] 	[SUCCESSFUL ] io.get-coursier#coursier-core_2.12;2.0.0-RC3-4!coursier-core_2.12.jar (398ms)[0m
[0m2021.05.14 06:27:16 INFO  [info] downloading https://repo1.maven.org/maven2/org/scala-sbt/launcher-interface/1.0.0/launcher-interface-1.0.0.jar ...[0m
[0m2021.05.14 06:27:16 INFO  [info] 	[SUCCESSFUL ] io.get-coursier#coursier-cache_2.12;2.0.0-RC3-4!coursier-cache_2.12.jar (404ms)[0m
[0m2021.05.14 06:27:16 INFO  [info] downloading https://repo1.maven.org/maven2/org/scala-sbt/io_2.12/1.2.1/io_2.12-1.2.1.jar ...[0m
[0m2021.05.14 06:27:16 INFO  [info] 	[SUCCESSFUL ] io.get-coursier#coursier-util_2.12;2.0.0-RC3-4!coursier-util_2.12.jar (342ms)[0m
[0m2021.05.14 06:27:16 INFO  [info] downloading https://repo1.maven.org/maven2/org/scala-sbt/util-logging_2.12/1.2.2/util-logging_2.12-1.2.2.jar ...[0m
[0m2021.05.14 06:27:16 INFO  [info] 	[SUCCESSFUL ] org.scala-lang.modules#scala-xml_2.12;1.2.0!scala-xml_2.12.jar(bundle) (345ms)[0m
[0m2021.05.14 06:27:16 INFO  [info] downloading https://repo1.maven.org/maven2/org/scala-sbt/util-position_2.12/1.2.2/util-position_2.12-1.2.2.jar ...[0m
[0m2021.05.14 06:27:16 INFO  [info] 	[SUCCESSFUL ] io.argonaut#argonaut_2.12;6.2.3!argonaut_2.12.jar (354ms)[0m
[0m2021.05.14 06:27:16 INFO  [info] downloading https://repo1.maven.org/maven2/org/scala-sbt/util-cache_2.12/1.2.2/util-cache_2.12-1.2.2.jar ...[0m
[0m2021.05.14 06:27:17 INFO  [info] 	[SUCCESSFUL ] org.scala-sbt#launcher-interface;1.0.0!launcher-interface.jar (176ms)[0m
[0m2021.05.14 06:27:17 INFO  [info] 	[SUCCESSFUL ] org.scala-sbt#util-position_2.12;1.2.2!util-position_2.12.jar (195ms)[0m
[0m2021.05.14 06:27:17 INFO  [info] downloading https://repo1.maven.org/maven2/org/scala-sbt/util-interface/1.2.2/util-interface-1.2.2.jar ...[0m
[0m2021.05.14 06:27:17 INFO  [info] 	[SUCCESSFUL ] org.scala-sbt#io_2.12;1.2.1!io_2.12.jar (239ms)[0m
[0m2021.05.14 06:27:17 INFO  [info] downloading https://repo1.maven.org/maven2/jline/jline/2.14.4/jline-2.14.4.jar ...[0m
[0m2021.05.14 06:27:17 INFO  [info] 	[SUCCESSFUL ] org.scala-sbt#util-logging_2.12;1.2.2!util-logging_2.12.jar (233ms)[0m
[0m2021.05.14 06:27:17 INFO  [info] downloading https://repo1.maven.org/maven2/org/apache/logging/log4j/log4j-api/2.8.1/log4j-api-2.8.1.jar ...[0m
[0m2021.05.14 06:27:17 INFO  [info] 	[SUCCESSFUL ] org.scala-sbt#util-cache_2.12;1.2.2!util-cache_2.12.jar (206ms)[0m
[0m2021.05.14 06:27:17 INFO  [info] downloading https://repo1.maven.org/maven2/org/apache/logging/log4j/log4j-core/2.8.1/log4j-core-2.8.1.jar ...[0m
[0m2021.05.14 06:27:17 INFO  [info] 	[SUCCESSFUL ] org.scala-sbt#util-interface;1.2.2!util-interface.jar (163ms)[0m
[0m2021.05.14 06:27:17 INFO  [info] 	[SUCCESSFUL ] jline#jline;2.14.4!jline.jar (153ms)[0m
[0m2021.05.14 06:27:17 INFO  [info] downloading https://repo1.maven.org/maven2/com/lmax/disruptor/3.3.6/disruptor-3.3.6.jar ...[0m
[0m2021.05.14 06:27:17 INFO  [info] downloading https://repo1.maven.org/maven2/org/eclipse/jgit/org.eclipse.jgit/4.9.0.201710071750-r/org.eclipse.jgit-4.9.0.201710071750-r.jar ...[0m
[0m2021.05.14 06:27:17 INFO  [info] 	[SUCCESSFUL ] com.chuusai#shapeless_2.12;2.3.3!shapeless_2.12.jar(bundle) (559ms)[0m
[0m2021.05.14 06:27:17 INFO  [info] downloading https://repo1.maven.org/maven2/ch/epfl/scala/scalafix-interfaces/0.9.7/scalafix-interfaces-0.9.7.jar ...[0m
[0m2021.05.14 06:27:17 INFO  [info] 	[SUCCESSFUL ] org.apache.logging.log4j#log4j-api;2.8.1!log4j-api.jar (187ms)[0m
[0m2021.05.14 06:27:17 INFO  [info] downloading https://repo1.maven.org/maven2/com/geirsson/coursier-small_2.12/1.3.3/coursier-small_2.12-1.3.3.jar ...[0m
[0m2021.05.14 06:27:17 INFO  [info] downloading https://repo1.maven.org/maven2/org/scala-lang/modules/scala-parser-combinators_2.12/1.0.4/scala-parser-combinators_2.12-1.0.4.jar ...[0m
[0m2021.05.14 06:27:17 INFO  [info] 	[SUCCESSFUL ] ch.epfl.scala#scalafix-interfaces;0.9.7!scalafix-interfaces.jar (227ms)[0m
[0m2021.05.14 06:27:17 INFO  [info] 	[SUCCESSFUL ] com.lmax#disruptor;3.3.6!disruptor.jar (233ms)[0m
[0m2021.05.14 06:27:17 INFO  [info] downloading https://repo1.maven.org/maven2/com/googlecode/javaewah/JavaEWAH/1.1.6/JavaEWAH-1.1.6.jar ...[0m
[0m2021.05.14 06:27:17 INFO  [info] downloading https://repo1.maven.org/maven2/org/apache/httpcomponents/httpclient/4.3.6/httpclient-4.3.6.jar ...[0m
[0m2021.05.14 06:27:17 INFO  [info] 	[SUCCESSFUL ] org.apache.logging.log4j#log4j-core;2.8.1!log4j-core.jar (361ms)[0m
[0m2021.05.14 06:27:17 INFO  [info] downloading https://repo1.maven.org/maven2/org/apache/httpcomponents/httpcore/4.3.3/httpcore-4.3.3.jar ...[0m
[0m2021.05.14 06:27:17 INFO  [info] 	[SUCCESSFUL ] org.scala-lang.modules#scala-parser-combinators_2.12;1.0.4!scala-parser-combinators_2.12.jar(bundle) (326ms)[0m
[0m2021.05.14 06:27:17 INFO  [info] downloading https://repo1.maven.org/maven2/commons-logging/commons-logging/1.1.3/commons-logging-1.1.3.jar ...[0m
[0m2021.05.14 06:27:17 INFO  [info] 	[SUCCESSFUL ] com.googlecode.javaewah#JavaEWAH;1.1.6!JavaEWAH.jar(bundle) (284ms)[0m
[0m2021.05.14 06:27:17 INFO  [info] downloading https://repo1.maven.org/maven2/com/novocode/junit-interface/0.11/junit-interface-0.11.jar ...[0m
[0m2021.05.14 06:27:17 INFO  [info] 	[SUCCESSFUL ] commons-logging#commons-logging;1.1.3!commons-logging.jar (210ms)[0m
[0m2021.05.14 06:27:17 INFO  [info] downloading https://repo1.maven.org/maven2/junit/junit/4.11/junit-4.11.jar ...[0m
[0m2021.05.14 06:27:17 INFO  [info] 	[SUCCESSFUL ] org.apache.httpcomponents#httpcore;4.3.3!httpcore.jar (295ms)[0m
[0m2021.05.14 06:27:17 INFO  [info] downloading https://repo1.maven.org/maven2/org/hamcrest/hamcrest-core/1.3/hamcrest-core-1.3.jar ...[0m
[0m2021.05.14 06:27:17 INFO  [info] 	[SUCCESSFUL ] org.apache.httpcomponents#httpclient;4.3.6!httpclient.jar (377ms)[0m
[0m2021.05.14 06:27:17 INFO  [info] 	[SUCCESSFUL ] com.geirsson#coursier-small_2.12;1.3.3!coursier-small_2.12.jar (585ms)[0m
[0m2021.05.14 06:27:17 INFO  [info] 	[SUCCESSFUL ] com.novocode#junit-interface;0.11!junit-interface.jar (118ms)[0m
[0m2021.05.14 06:27:17 INFO  [info] 	[SUCCESSFUL ] junit#junit;4.11!junit.jar (88ms)[0m
[0m2021.05.14 06:27:17 INFO  [info] 	[SUCCESSFUL ] org.eclipse.jgit#org.eclipse.jgit;4.9.0.201710071750-r!org.eclipse.jgit.jar (651ms)[0m
[0m2021.05.14 06:27:17 INFO  [info] 	[SUCCESSFUL ] org.hamcrest#hamcrest-core;1.3!hamcrest-core.jar (100ms)[0m
[0m2021.05.14 06:27:18 INFO  [info] Done updating.[0m
[0m2021.05.14 06:27:18 INFO  [warn] There may be incompatibilities among your library dependencies; run 'evicted' to see detailed eviction warnings.[0m
[0m2021.05.14 06:27:20 INFO  [success] Generated .bloop\example-build.json[0m
[0m2021.05.14 06:27:20 INFO  [info] Compiling 2 Scala sources to C:\Users\Passawit\OneDrive\Coursera\Functional Programming Principles in Scala\example\project\target\scala-2.12\sbt-1.0\classes ...[0m
[0m2021.05.14 06:27:20 INFO  [info] Non-compiled module 'compiler-bridge_2.12' for Scala 2.12.7. Compiling...[0m
[0m2021.05.14 06:27:28 INFO  [info]   Compilation completed in 8.047s.[0m
[0m2021.05.14 06:27:30 INFO  [info] Done compiling.[0m
[0m2021.05.14 06:27:30 ERROR WARNING: An illegal reflective access operation has occurred[0m
[0m2021.05.14 06:27:30 ERROR WARNING: Illegal reflective access by com.google.protobuf.UnsafeUtil (file:/C:/Users/Passawit/.sbt/boot/scala-2.12.7/org.scala-sbt/sbt/1.2.8/protobuf-java-3.3.1.jar) to field java.nio.Buffer.address[0m
[0m2021.05.14 06:27:30 ERROR WARNING: Please consider reporting this to the maintainers of com.google.protobuf.UnsafeUtil[0m
[0m2021.05.14 06:27:30 ERROR WARNING: Use --illegal-access=warn to enable warnings of further illegal reflective access operations[0m
[0m2021.05.14 06:27:30 ERROR WARNING: All illegal access operations will be denied in a future release[0m
[0m2021.05.14 06:27:30 INFO  [success] Total time: 55 s, completed May 14, 2021, 6:27:31 AM[0m
[0m2021.05.14 06:27:33 INFO  [info] Loading settings for project example from assignment.sbt,build.sbt ...[0m
[0m2021.05.14 06:27:33 INFO  [info] Set current project to progfun1-example (in build file:/C:/Users/Passawit/OneDrive/Coursera/Functional%20Programming%20Principles%20in%20Scala/example/)[0m
[0m2021.05.14 06:27:35 ERROR Downloading https://repo1.maven.org/maven2/com/novocode/junit-interface/0.11/junit-interface-0.11.pom[0m
[0m2021.05.14 06:27:35 ERROR Downloading https://repo1.maven.org/maven2/org/scala-lang/scala-library/2.13.0/scala-library-2.13.0.pom[0m
[0m2021.05.14 06:27:35 ERROR Downloaded https://repo1.maven.org/maven2/org/scala-lang/scala-library/2.13.0/scala-library-2.13.0.pom[0m
[0m2021.05.14 06:27:35 ERROR Downloaded https://repo1.maven.org/maven2/com/novocode/junit-interface/0.11/junit-interface-0.11.pom[0m
[0m2021.05.14 06:27:35 ERROR Downloading https://repo1.maven.org/maven2/org/scala-sbt/test-interface/1.0/test-interface-1.0.pom[0m
[0m2021.05.14 06:27:35 ERROR Downloading https://repo1.maven.org/maven2/junit/junit/4.11/junit-4.11.pom[0m
[0m2021.05.14 06:27:35 ERROR Downloaded https://repo1.maven.org/maven2/junit/junit/4.11/junit-4.11.pom[0m
[0m2021.05.14 06:27:35 ERROR Downloaded https://repo1.maven.org/maven2/org/scala-sbt/test-interface/1.0/test-interface-1.0.pom[0m
[0m2021.05.14 06:27:35 ERROR Downloading https://repo1.maven.org/maven2/org/hamcrest/hamcrest-core/1.3/hamcrest-core-1.3.pom[0m
[0m2021.05.14 06:27:35 ERROR Downloaded https://repo1.maven.org/maven2/org/hamcrest/hamcrest-core/1.3/hamcrest-core-1.3.pom[0m
[0m2021.05.14 06:27:35 ERROR Downloading https://repo1.maven.org/maven2/org/hamcrest/hamcrest-parent/1.3/hamcrest-parent-1.3.pom[0m
[0m2021.05.14 06:27:35 ERROR Downloaded https://repo1.maven.org/maven2/org/hamcrest/hamcrest-parent/1.3/hamcrest-parent-1.3.pom[0m
[0m2021.05.14 06:27:35 ERROR Downloading https://repo1.maven.org/maven2/org/scala-lang/scala-compiler/2.13.0/scala-compiler-2.13.0.pom[0m
[0m2021.05.14 06:27:35 ERROR Downloaded https://repo1.maven.org/maven2/org/scala-lang/scala-compiler/2.13.0/scala-compiler-2.13.0.pom[0m
[0m2021.05.14 06:27:35 ERROR Downloading https://repo1.maven.org/maven2/jline/jline/2.14.6/jline-2.14.6.pom[0m
[0m2021.05.14 06:27:35 ERROR Downloading https://repo1.maven.org/maven2/org/scala-lang/scala-reflect/2.13.0/scala-reflect-2.13.0.pom[0m
[0m2021.05.14 06:27:35 ERROR Downloaded https://repo1.maven.org/maven2/jline/jline/2.14.6/jline-2.14.6.pom[0m
[0m2021.05.14 06:27:35 ERROR Downloaded https://repo1.maven.org/maven2/org/scala-lang/scala-reflect/2.13.0/scala-reflect-2.13.0.pom[0m
[0m2021.05.14 06:27:35 ERROR Downloading https://repo1.maven.org/maven2/org/sonatype/oss/oss-parent/9/oss-parent-9.pom[0m
[0m2021.05.14 06:27:35 ERROR Downloaded https://repo1.maven.org/maven2/org/sonatype/oss/oss-parent/9/oss-parent-9.pom[0m
[0m2021.05.14 06:27:35 ERROR Downloading https://repo1.maven.org/maven2/org/scala-sbt/test-interface/1.0/test-interface-1.0-javadoc.jar[0m
[0m2021.05.14 06:27:35 ERROR Downloading https://repo1.maven.org/maven2/org/scala-lang/scala-library/2.13.0/scala-library-2.13.0-javadoc.jar[0m
[0m2021.05.14 06:27:35 ERROR Downloading https://repo1.maven.org/maven2/com/novocode/junit-interface/0.11/junit-interface-0.11-sources.jar[0m
[0m2021.05.14 06:27:35 ERROR Downloading https://repo1.maven.org/maven2/org/hamcrest/hamcrest-core/1.3/hamcrest-core-1.3-sources.jar[0m
[0m2021.05.14 06:27:35 ERROR Downloading https://repo1.maven.org/maven2/org/scala-sbt/test-interface/1.0/test-interface-1.0-sources.jar[0m
[0m2021.05.14 06:27:35 ERROR Downloading https://repo1.maven.org/maven2/com/novocode/junit-interface/0.11/junit-interface-0.11-javadoc.jar[0m
[0m2021.05.14 06:27:35 ERROR Downloaded https://repo1.maven.org/maven2/com/novocode/junit-interface/0.11/junit-interface-0.11-sources.jar[0m
[0m2021.05.14 06:27:35 ERROR Downloading https://repo1.maven.org/maven2/org/scala-lang/scala-library/2.13.0/scala-library-2.13.0-sources.jar[0m
[0m2021.05.14 06:27:35 ERROR Downloaded https://repo1.maven.org/maven2/org/scala-sbt/test-interface/1.0/test-interface-1.0-javadoc.jar[0m
[0m2021.05.14 06:27:35 ERROR Downloading https://repo1.maven.org/maven2/org/hamcrest/hamcrest-core/1.3/hamcrest-core-1.3-javadoc.jar[0m
[0m2021.05.14 06:27:35 ERROR Downloaded https://repo1.maven.org/maven2/org/scala-sbt/test-interface/1.0/test-interface-1.0-sources.jar[0m
[0m2021.05.14 06:27:35 ERROR Downloading https://repo1.maven.org/maven2/org/scala-lang/scala-compiler/2.13.0/scala-compiler-2.13.0-sources.jar[0m
[0m2021.05.14 06:27:35 ERROR Downloaded https://repo1.maven.org/maven2/com/novocode/junit-interface/0.11/junit-interface-0.11-javadoc.jar[0m
[0m2021.05.14 06:27:35 ERROR Downloading https://repo1.maven.org/maven2/jline/jline/2.14.6/jline-2.14.6-sources.jar[0m
[0m2021.05.14 06:27:35 ERROR Downloaded https://repo1.maven.org/maven2/org/hamcrest/hamcrest-core/1.3/hamcrest-core-1.3-sources.jar[0m
[0m2021.05.14 06:27:35 ERROR Downloading https://repo1.maven.org/maven2/org/scala-lang/scala-reflect/2.13.0/scala-reflect-2.13.0-javadoc.jar[0m
[0m2021.05.14 06:27:35 ERROR Downloaded https://repo1.maven.org/maven2/org/hamcrest/hamcrest-core/1.3/hamcrest-core-1.3-javadoc.jar[0m
[0m2021.05.14 06:27:35 ERROR Downloading https://repo1.maven.org/maven2/org/scala-lang/scala-reflect/2.13.0/scala-reflect-2.13.0-sources.jar[0m
[0m2021.05.14 06:27:35 ERROR Downloaded https://repo1.maven.org/maven2/jline/jline/2.14.6/jline-2.14.6-sources.jar[0m
[0m2021.05.14 06:27:35 ERROR Downloading https://repo1.maven.org/maven2/org/scala-lang/scala-compiler/2.13.0/scala-compiler-2.13.0-javadoc.jar[0m
[0m2021.05.14 06:27:35 ERROR Downloaded https://repo1.maven.org/maven2/org/scala-lang/scala-library/2.13.0/scala-library-2.13.0-sources.jar[0m
[0m2021.05.14 06:27:35 ERROR Downloading https://repo1.maven.org/maven2/junit/junit/4.11/junit-4.11-sources.jar[0m
[0m2021.05.14 06:27:36 ERROR Downloaded https://repo1.maven.org/maven2/junit/junit/4.11/junit-4.11-sources.jar[0m
[0m2021.05.14 06:27:36 ERROR Downloading https://repo1.maven.org/maven2/junit/junit/4.11/junit-4.11-javadoc.jar[0m
[0m2021.05.14 06:27:36 ERROR Downloaded https://repo1.maven.org/maven2/org/scala-lang/scala-reflect/2.13.0/scala-reflect-2.13.0-sources.jar[0m
[0m2021.05.14 06:27:36 ERROR Downloading https://repo1.maven.org/maven2/jline/jline/2.14.6/jline-2.14.6-javadoc.jar[0m
[0m2021.05.14 06:27:36 ERROR Downloaded https://repo1.maven.org/maven2/org/scala-lang/scala-compiler/2.13.0/scala-compiler-2.13.0-sources.jar[0m
[0m2021.05.14 06:27:36 ERROR Downloaded https://repo1.maven.org/maven2/junit/junit/4.11/junit-4.11-javadoc.jar[0m
[0m2021.05.14 06:27:36 ERROR Downloaded https://repo1.maven.org/maven2/jline/jline/2.14.6/jline-2.14.6-javadoc.jar[0m
[0m2021.05.14 06:27:36 ERROR Downloaded https://repo1.maven.org/maven2/org/scala-lang/scala-reflect/2.13.0/scala-reflect-2.13.0-javadoc.jar[0m
[0m2021.05.14 06:27:39 ERROR Downloaded https://repo1.maven.org/maven2/org/scala-lang/scala-compiler/2.13.0/scala-compiler-2.13.0-javadoc.jar[0m
[0m2021.05.14 06:27:40 ERROR Downloaded https://repo1.maven.org/maven2/org/scala-lang/scala-library/2.13.0/scala-library-2.13.0-javadoc.jar[0m
[0m2021.05.14 06:27:40 ERROR Downloading https://repo1.maven.org/maven2/org/scala-lang/scala-compiler/2.13.0/scala-compiler-2.13.0.jar[0m
[0m2021.05.14 06:27:40 ERROR Downloading https://repo1.maven.org/maven2/com/novocode/junit-interface/0.11/junit-interface-0.11.jar[0m
[0m2021.05.14 06:27:40 ERROR Downloading https://repo1.maven.org/maven2/junit/junit/4.11/junit-4.11.jar[0m
[0m2021.05.14 06:27:40 ERROR Downloading https://repo1.maven.org/maven2/org/scala-lang/scala-reflect/2.13.0/scala-reflect-2.13.0.jar[0m
[0m2021.05.14 06:27:40 ERROR Downloading https://repo1.maven.org/maven2/org/scala-sbt/test-interface/1.0/test-interface-1.0.jar[0m
[0m2021.05.14 06:27:40 ERROR Downloading https://repo1.maven.org/maven2/org/hamcrest/hamcrest-core/1.3/hamcrest-core-1.3.jar[0m
[0m2021.05.14 06:27:40 ERROR Downloaded https://repo1.maven.org/maven2/org/hamcrest/hamcrest-core/1.3/hamcrest-core-1.3.jar[0m
[0m2021.05.14 06:27:40 ERROR Downloading https://repo1.maven.org/maven2/org/scala-lang/scala-library/2.13.0/scala-library-2.13.0.jar[0m
[0m2021.05.14 06:27:40 ERROR Downloaded https://repo1.maven.org/maven2/org/scala-sbt/test-interface/1.0/test-interface-1.0.jar[0m
[0m2021.05.14 06:27:40 ERROR Downloading https://repo1.maven.org/maven2/jline/jline/2.14.6/jline-2.14.6.jar[0m
[0m2021.05.14 06:27:40 ERROR Downloaded https://repo1.maven.org/maven2/junit/junit/4.11/junit-4.11.jar[0m
[0m2021.05.14 06:27:40 ERROR Downloaded https://repo1.maven.org/maven2/com/novocode/junit-interface/0.11/junit-interface-0.11.jar[0m
[0m2021.05.14 06:27:40 ERROR Downloaded https://repo1.maven.org/maven2/jline/jline/2.14.6/jline-2.14.6.jar[0m
[0m2021.05.14 06:27:41 ERROR Downloaded https://repo1.maven.org/maven2/org/scala-lang/scala-compiler/2.13.0/scala-compiler-2.13.0.jar[0m
[0m2021.05.14 06:27:41 ERROR Downloaded https://repo1.maven.org/maven2/org/scala-lang/scala-reflect/2.13.0/scala-reflect-2.13.0.jar[0m
[0m2021.05.14 06:27:41 ERROR Downloaded https://repo1.maven.org/maven2/org/scala-lang/scala-library/2.13.0/scala-library-2.13.0.jar[0m
[0m2021.05.14 06:27:41 INFO  [success] Generated .bloop\example-test.json[0m
[0m2021.05.14 06:27:41 INFO  [success] Generated .bloop\example.json[0m
[0m2021.05.14 06:27:41 INFO  [success] Total time: 8 s, completed May 14, 2021, 6:27:42 AM[0m
[0m2021.05.14 06:27:42 INFO  sbt bloopInstall exit: 0[0m
[0m2021.05.14 06:27:42 INFO  time: ran 'sbt bloopInstall' in 1m56s[0m
[0m2021.05.14 06:27:42 INFO  Attempting to connect to the build server...[0m
Starting the bsp launcher for bloop...
Opening a bsp server connection with 'bsp --protocol tcp --port 22785'...
Waiting for the bsp connection to come up...
[0m[32m[D][0m Loading 2 projects from 'c:\Users\Passawit\OneDrive\Coursera\Functional Programming Principles in Scala\example\.bloop'...
[0m[32m[D][0m Loading project from 'c:\Users\Passawit\OneDrive\Coursera\Functional Programming Principles in Scala\example\.bloop\example-test.json'
[0m[32m[D][0m Loading project from 'c:\Users\Passawit\OneDrive\Coursera\Functional Programming Principles in Scala\example\.bloop\example.json'
[0m[32m[D][0m Cache miss for scala instance org.scala-lang:scala-compiler:2.13.0.
[0m[32m[D][0m   => C:\Users\Passawit\OneDrive\Coursera\Functional Programming Principles in Scala\example\importing posh-git\Coursier\cache\v1\https\repo1.maven.org\maven2\jline\jline\2.14.6\jline-2.14.6.jar
[0m[32m[D][0m   => C:\Users\Passawit\OneDrive\Coursera\Functional Programming Principles in Scala\example\importing posh-git\Coursier\cache\v1\https\repo1.maven.org\maven2\org\scala-lang\scala-compiler\2.13.0\scala-compiler-2.13.0.jar
[0m[32m[D][0m   => C:\Users\Passawit\OneDrive\Coursera\Functional Programming Principles in Scala\example\importing posh-git\Coursier\cache\v1\https\repo1.maven.org\maven2\org\scala-lang\scala-compiler\2.13.0\scala-compiler-2.13.0.jar
[0m[32m[D][0m   => C:\Users\Passawit\OneDrive\Coursera\Functional Programming Principles in Scala\example\importing posh-git\Coursier\cache\v1\https\repo1.maven.org\maven2\org\scala-lang\scala-library\2.13.0\scala-library-2.13.0.jar
[0m[32m[D][0m   => C:\Users\Passawit\OneDrive\Coursera\Functional Programming Principles in Scala\example\importing posh-git\Coursier\cache\v1\https\repo1.maven.org\maven2\org\scala-lang\scala-library\2.13.0\scala-library-2.13.0.jar
[0m[32m[D][0m   => C:\Users\Passawit\OneDrive\Coursera\Functional Programming Principles in Scala\example\importing posh-git\Coursier\cache\v1\https\repo1.maven.org\maven2\org\scala-lang\scala-reflect\2.13.0\scala-reflect-2.13.0.jar
[0m[32m[D][0m Missing analysis file for project 'example-test'
[0m[32m[D][0m Missing analysis file for project 'example'
[0m[32m[D][0m Waiting for a connection at 127.0.0.1:22785...
The server is listening for incoming connections at tcp://127.0.0.1:22785...
Starting thread that pumps stdin and redirects it to the bsp server...
Starting thread that pumps server stdout and redirects it to the client stdout...
[0m2021.05.14 06:27:43 INFO  tracing is disabled for protocol BSP, to enable tracing of incoming and outgoing JSON messages create an empty file at C:\Users\Passawit\AppData\Local\scalameta\metals\cache\bsp.trace.json[0m
[0m2021.05.14 06:27:45 INFO  Attempting to connect to the build server...[0m
Starting the bsp launcher for bloop...[0m
2021.05.14 06:27:45 INFO  Attempting to connect to the build server...[0m
Opening a bsp server connection with 'bsp --protocol tcp --port 25815'...
Waiting for the bsp connection to come up...
Starting the bsp launcher for bloop...
Opening a bsp server connection with 'bsp --protocol tcp --port 26372'...
Waiting for the bsp connection to come up...
[0m[32m[D][0m Loading workspace settings from bloop.settings.json
[0m[32m[D][0m Waiting for a connection at 127.0.0.1:25815...
The server is listening for incoming connections at tcp://127.0.0.1:25815...
[0m[32m[D][0m Loading workspace settings from bloop.settings.json
[0m[32m[D][0m Waiting for a connection at 127.0.0.1:26372...
The server is listening for incoming connections at tcp://127.0.0.1:26372...
Starting thread that pumps stdin and redirects it to the bsp server...
Starting thread that pumps stdin and redirects it to the bsp server...
Starting thread that pumps server stdout and redirects it to the client stdout...
Starting thread that pumps server stdout and redirects it to the client stdout...
[0m2021.05.14 06:27:45 INFO  tracing is disabled for protocol BSP, to enable tracing of incoming and outgoing JSON messages create an empty file at C:\Users\Passawit\AppData\Local\scalameta\metals\cache\bsp.trace.json[0m
[0m2021.05.14 06:27:45 INFO  tracing is disabled for protocol BSP, to enable tracing of incoming and outgoing JSON messages create an empty file at C:\Users\Passawit\AppData\Local\scalameta\metals\cache\bsp.trace.json[0m
[0m2021.05.14 06:27:45 INFO  time: Connected to build server in 2.91s[0m
[0m2021.05.14 06:27:45 INFO  Connected to Build server: Bloop v1.4.8-19-4d9f966b[0m
[0m2021.05.14 06:27:50 INFO  time: indexed workspace in 4.62s[0m
[0m2021.05.14 06:27:50 WARN  unsupported Scala 2.12.7[0m
[0m2021.05.14 06:27:50 INFO  compiling example-build (2 scala sources)[0m
[0m2021.05.14 06:27:50 WARN  unsupported Scala 2.12.7[0m
[0m2021.05.14 06:27:50 INFO  Non-compiled module 'compiler-bridge_2.12' for Scala 2.12.7. Compiling...[0m
[0m2021.05.14 06:27:53 INFO  no build target: using presentation compiler with only scala-library: 2.13.0[0m
[0m2021.05.14 06:27:57 INFO  Deduplicating compilation of example-build from bsp client 'Metals 0.10.2' (since 11.755s)[0m
[0m2021.05.14 06:27:57 INFO  compiling example-build (2 scala sources)[0m
[0m2021.05.14 06:27:59 INFO  time: code lens generation in 8.53s[0m
[0m2021.05.14 06:27:59 INFO  time: code lens generation in 8.53s[0m
[0m2021.05.14 06:28:04 INFO    Compilation completed in 13.526s.[0m
[0m2021.05.14 06:28:07 INFO  time: compiled example-build in 10s[0m
[0m2021.05.14 06:28:29 WARN  unsupported Scala 2.12.7[0m
[0m2021.05.14 06:28:29 WARN  unsupported Scala 2.12.7[0m
[0m2021.05.14 06:28:29 WARN  unsupported Scala 2.12.7[0m
[0m2021.05.14 06:28:29 WARN  unsupported Scala 2.12.7[0m
[0m2021.05.14 06:28:29 WARN  unsupported Scala 2.12.7[0m
May 14, 2021 6:28:29 AM org.eclipse.lsp4j.jsonrpc.RemoteEndpoint handleCancellation
WARNING: Unmatched cancel notification for request id 30
[0m2021.05.14 06:28:33 WARN  unsupported Scala 2.12.7[0m
[0m2021.05.14 06:28:33 WARN  unsupported Scala 2.12.7[0m
[0m2021.05.14 06:28:34 WARN  unsupported Scala 2.12.7[0m
May 14, 2021 6:28:34 AM org.eclipse.lsp4j.jsonrpc.RemoteEndpoint handleCancellation
WARNING: Unmatched cancel notification for request id 37
[0m2021.05.14 06:28:34 WARN  unsupported Scala 2.12.7[0m
[0m2021.05.14 06:28:34 WARN  unsupported Scala 2.12.7[0m
[0m2021.05.14 06:28:55 WARN  unsupported Scala 2.12.7[0m
May 14, 2021 6:28:55 AM org.eclipse.lsp4j.jsonrpc.RemoteEndpoint handleCancellation
WARNING: Unmatched cancel notification for request id 47
[0m2021.05.14 06:29:52 WARN  no build target for: C:\Users\Passawit\OneDrive\Coursera\Functional Programming Principles in Scala\example\project\project\project\metals.sbt[0m
May 14, 2021 6:30:00 AM org.eclipse.lsp4j.jsonrpc.RemoteEndpoint handleCancellation
WARNING: Unmatched cancel notification for request id 53
[0m2021.05.14 06:30:00 WARN  no build target for: C:\Users\Passawit\OneDrive\Coursera\Functional Programming Principles in Scala\example\project\project\metals.sbt[0m
May 14, 2021 6:30:03 AM org.eclipse.lsp4j.jsonrpc.RemoteEndpoint handleCancellation
WARNING: Unmatched cancel notification for request id 59
[0m2021.05.14 06:30:04 WARN  unsupported Scala 2.12.7[0m
[0m2021.05.14 06:30:04 WARN  unsupported Scala 2.12.7[0m
[0m2021.05.14 06:30:04 WARN  unsupported Scala 2.12.7[0m
[0m2021.05.14 06:30:13 WARN  unsupported Scala 2.12.7[0m
May 14, 2021 6:30:13 AM org.eclipse.lsp4j.jsonrpc.RemoteEndpoint handleCancellation
WARNING: Unmatched cancel notification for request id 68
[0m2021.05.14 06:30:13 WARN  unsupported Scala 2.12.7[0m
[0m2021.05.14 06:30:13 WARN  unsupported Scala 2.12.7[0m
[0m2021.05.14 06:30:13 WARN  unsupported Scala 2.12.7[0m
[0m2021.05.14 06:30:15 WARN  unsupported Scala 2.12.7[0m
May 14, 2021 6:30:15 AM org.eclipse.lsp4j.jsonrpc.RemoteEndpoint handleCancellation
WARNING: Unmatched cancel notification for request id 74
[0m2021.05.14 06:30:15 WARN  unsupported Scala 2.12.7[0m
[0m2021.05.14 06:30:15 WARN  unsupported Scala 2.12.7[0m
[0m2021.05.14 06:31:03 WARN  unsupported Scala 2.12.7[0m
May 14, 2021 6:31:03 AM org.eclipse.lsp4j.jsonrpc.RemoteEndpoint handleCancellation
WARNING: Unmatched cancel notification for request id 85
[0m2021.05.14 06:31:03 INFO  compiling example (1 scala source)[0m
[0m2021.05.14 06:31:13 INFO  time: compiled example in 10s[0m
[0m2021.05.14 06:31:15 INFO  compiling example-test (1 scala source)[0m
[0m2021.05.14 06:31:15 INFO  time: compiled example-test in 0.97s[0m
May 14, 2021 6:31:51 AM org.eclipse.lsp4j.jsonrpc.services.GenericEndpoint notify
INFO: Unsupported notification method: $/setTraceNotification
[0m2021.05.14 06:32:01 INFO  compiling example-test (1 scala source)[0m
[0m2021.05.14 06:32:01 INFO  Deduplicating compilation of example-test from bsp client 'Metals 0.10.2' (since 4m 17.921s)[0m
[0m2021.05.14 06:32:01 INFO  compiling example-test (1 scala source)[0m
[0m2021.05.14 06:32:01 INFO  time: compiled example-test in 0.82s[0m
[0m2021.05.14 06:32:04 INFO  Deduplicating compilation of example from bsp client 'Metals 0.10.2' (since 4m 20.901s)[0m
[0m2021.05.14 06:32:04 INFO  Deduplicating compilation of example-test from bsp client 'Metals 0.10.2' (since 4m 20.921s)[0m
[0m2021.05.14 06:32:06 INFO  Listening for transport dt_socket at address: 59099[0m
[0m2021.05.14 06:32:06 INFO  tracing is disabled for protocol dap-server, to enable tracing of incoming and outgoing JSON messages create an empty file at C:\Users\Passawit\AppData\Local\scalameta\metals\cache\dap-server.trace.json[0m
[0m2021.05.14 06:32:06 INFO  tracing is disabled for protocol dap-client, to enable tracing of incoming and outgoing JSON messages create an empty file at C:\Users\Passawit\AppData\Local\scalameta\metals\cache\dap-client.trace.json[0m
[0m2021.05.14 06:32:06 INFO  Starting debug proxy for [example.ListsSuite][0m
[0m2021.05.14 06:32:06 INFO  Trying to attach to remote debuggee VM kubernetes.docker.internal:59099 .[0m
[0m2021.05.14 06:32:06 INFO  Attaching to debuggee VM succeeded.[0m
[0m2021.05.14 06:32:06 INFO  [34mTest run started[0m[0m
[0m2021.05.14 06:32:06 INFO  Test example.[33mListsSuite[0m.[36mone plus one is three (0pts)?[0m started[0m
[0m2021.05.14 06:32:06 ERROR Test example.[33mListsSuite[0m.[31mone plus one is three (0pts)?[0m failed: java.lang.[31mAssertionError[0m: assertion failed, took 0.084 sec[0m
[0m2021.05.14 06:32:06 ERROR     at scala.Predef$.assert(Predef.scala:267)[0m
[0m2021.05.14 06:32:06 ERROR     at example.ListsSuite.one plus one is three (0pts)?([35mListsSuite.scala[0m:[33m26[0m)[0m
[0m2021.05.14 06:32:06 ERROR     at jdk.internal.reflect.NativeMethodAccessorImpl.invoke0(Native Method)[0m
[0m2021.05.14 06:32:06 ERROR     at jdk.internal.reflect.NativeMethodAccessorImpl.invoke(NativeMethodAccessorImpl.java:62)[0m
[0m2021.05.14 06:32:06 ERROR     at jdk.internal.reflect.DelegatingMethodAccessorImpl.invoke(DelegatingMethodAccessorImpl.java:43)[0m
[0m2021.05.14 06:32:06 ERROR     at java.lang.reflect.Method.invoke(Method.java:566)[0m
[0m2021.05.14 06:32:06 ERROR     ...[0m
[0m2021.05.14 06:32:06 INFO  Test example.[33mListsSuite[0m.[36mmax of a few numbers (10pts)[0m started[0m
[0m2021.05.14 06:32:06 ERROR Test example.[33mListsSuite[0m.[31mmax of a few numbers (10pts)[0m failed: scala.[31mNotImplementedError[0m: an implementation is missing, took 0.032 sec[0m
[0m2021.05.14 06:32:06 ERROR     at scala.Predef$.???(Predef.scala:347)[0m
[0m2021.05.14 06:32:06 ERROR     at example.Lists$.max(Lists.scala:40)[0m
[0m2021.05.14 06:32:06 ERROR     at example.ListsSuite.max of a few numbers (10pts)([35mListsSuite.scala[0m:[33m94[0m)[0m
[0m2021.05.14 06:32:06 ERROR     at jdk.internal.reflect.NativeMethodAccessorImpl.invoke0(Native Method)[0m
[0m2021.05.14 06:32:06 ERROR     at jdk.internal.reflect.NativeMethodAccessorImpl.invoke(NativeMethodAccessorImpl.java:62)[0m
[0m2021.05.14 06:32:06 ERROR     at jdk.internal.reflect.DelegatingMethodAccessorImpl.invoke(DelegatingMethodAccessorImpl.java:43)[0m
[0m2021.05.14 06:32:06 ERROR     at java.lang.reflect.Method.invoke(Method.java:566)[0m
[0m2021.05.14 06:32:06 ERROR     ...[0m
[0m2021.05.14 06:32:06 INFO  Test example.[33mListsSuite[0m.[36mintNotZero throws an exception if its argument is 0[0m started[0m
[0m2021.05.14 06:32:06 INFO  Test example.[33mListsSuite[0m.[36mdetails why one plus one is not three (0pts)[0m started[0m
[0m2021.05.14 06:32:06 ERROR Test example.[33mListsSuite[0m.[31mdetails why one plus one is not three (0pts)[0m failed: java.lang.[31mAssertionError[0m: expected:<3> but was:<2>, took 0.001 sec[0m
[0m2021.05.14 06:32:06 ERROR     at example.ListsSuite.details why one plus one is not three (0pts)([35mListsSuite.scala[0m:[33m50[0m)[0m
[0m2021.05.14 06:32:06 ERROR     at jdk.internal.reflect.NativeMethodAccessorImpl.invoke0(Native Method)[0m
[0m2021.05.14 06:32:06 ERROR     at jdk.internal.reflect.NativeMethodAccessorImpl.invoke(NativeMethodAccessorImpl.java:62)[0m
[0m2021.05.14 06:32:06 ERROR     at jdk.internal.reflect.DelegatingMethodAccessorImpl.invoke(DelegatingMethodAccessorImpl.java:43)[0m
[0m2021.05.14 06:32:06 ERROR     at java.lang.reflect.Method.invoke(Method.java:566)[0m
[0m2021.05.14 06:32:06 ERROR     ...[0m
[0m2021.05.14 06:32:06 INFO  Test example.[33mListsSuite[0m.[36msum of a few numbers (10pts)[0m started[0m
[0m2021.05.14 06:32:06 ERROR Test example.[33mListsSuite[0m.[31msum of a few numbers (10pts)[0m failed: scala.[31mNotImplementedError[0m: an implementation is missing, took 0.001 sec[0m
[0m2021.05.14 06:32:06 ERROR     at scala.Predef$.???(Predef.scala:347)[0m
[0m2021.05.14 06:32:06 ERROR     at example.Lists$.sum(Lists.scala:25)[0m
[0m2021.05.14 06:32:06 ERROR     at example.ListsSuite.sum of a few numbers (10pts)([35mListsSuite.scala[0m:[33m90[0m)[0m
[0m2021.05.14 06:32:06 ERROR     at jdk.internal.reflect.NativeMethodAccessorImpl.invoke0(Native Method)[0m
[0m2021.05.14 06:32:06 ERROR     at jdk.internal.reflect.NativeMethodAccessorImpl.invoke(NativeMethodAccessorImpl.java:62)[0m
[0m2021.05.14 06:32:06 ERROR     at jdk.internal.reflect.DelegatingMethodAccessorImpl.invoke(DelegatingMethodAccessorImpl.java:43)[0m
[0m2021.05.14 06:32:06 ERROR     at java.lang.reflect.Method.invoke(Method.java:566)[0m
[0m2021.05.14 06:32:06 ERROR     ...[0m
[0m2021.05.14 06:32:06 INFO  Test example.[33mListsSuite[0m.[36mone plus one is two (0pts)[0m started[0m
[0m2021.05.14 06:32:06 INFO  [34mTest run finished: [0m[31m4 failed[0m[34m, [0m[34m0 ignored[0m[34m, 6 total, 0.202s[0m[0m
[0m2021.05.14 06:32:07 INFO  Execution took 0.12s[0m
[0m2021.05.14 06:32:07 INFO  6 tests, 2 passed, 4 failed[0m
[0m2021.05.14 06:32:07 INFO  [0m
[0m2021.05.14 06:32:07 INFO  ===============================================[0m
[0m2021.05.14 06:32:07 INFO  Total duration: 0.12s[0m
[0m2021.05.14 06:32:07 INFO  1 failed[0m
[0m2021.05.14 06:32:07 INFO  [0m
[0m2021.05.14 06:32:07 INFO  Failed:[0m
[0m2021.05.14 06:32:07 INFO  - example.ListsSuite:[0m
[0m2021.05.14 06:32:07 INFO    * example.ListsSuite.one plus one is three (0pts)? - java.lang.AssertionError: assertion failed[0m
[0m2021.05.14 06:32:07 INFO    * example.ListsSuite.max of a few numbers (10pts) - scala.NotImplementedError: an implementation is missing[0m
[0m2021.05.14 06:32:07 INFO    * example.ListsSuite.details why one plus one is not three (0pts) - java.lang.AssertionError: expected:<3> but was:<2>[0m
[0m2021.05.14 06:32:07 INFO    * example.ListsSuite.sum of a few numbers (10pts) - scala.NotImplementedError: an implementation is missing[0m
[0m2021.05.14 06:32:07 INFO  ===============================================[0m
May 14, 2021 6:32:07 AM org.eclipse.lsp4j.jsonrpc.json.StreamMessageProducer fireError
SEVERE: java.net.SocketException: Software caused connection abort: socket write error
org.eclipse.lsp4j.jsonrpc.JsonRpcException: java.net.SocketException: Software caused connection abort: socket write error
	at org.eclipse.lsp4j.jsonrpc.json.StreamMessageConsumer.consume(StreamMessageConsumer.java:72)
	at scala.meta.internal.metals.debug.SocketEndpoint.consume(SocketEndpoint.scala:22)
	at scala.meta.internal.metals.debug.MessageIdAdapter.consume(MessageIdAdapter.scala:43)
	at scala.meta.internal.metals.debug.ServerAdapter.send(ServerAdapter.scala:30)
	at scala.meta.internal.metals.debug.DebugProxy.$anonfun$handleClientMessage$1(DebugProxy.scala:89)
	at scala.meta.internal.metals.debug.MessageIdAdapter.$anonfun$listen$1(MessageIdAdapter.scala:57)
	at org.eclipse.lsp4j.jsonrpc.json.StreamMessageProducer.handleMessage(StreamMessageProducer.java:194)
	at org.eclipse.lsp4j.jsonrpc.json.StreamMessageProducer.listen(StreamMessageProducer.java:94)
	at scala.meta.internal.metals.debug.SocketEndpoint.listen(SocketEndpoint.scala:26)
	at scala.meta.internal.metals.debug.MessageIdAdapter.listen(MessageIdAdapter.scala:47)
	at scala.meta.internal.metals.debug.DebugProxy.$anonfun$listenToClient$1(DebugProxy.scala:54)
	at scala.runtime.java8.JFunction0$mcV$sp.apply(JFunction0$mcV$sp.java:23)
	at scala.concurrent.Future$.$anonfun$apply$1(Future.scala:659)
	at scala.util.Success.$anonfun$map$1(Try.scala:255)
	at scala.util.Success.map(Try.scala:213)
	at scala.concurrent.Future.$anonfun$map$1(Future.scala:292)
	at scala.concurrent.impl.Promise.liftedTree1$1(Promise.scala:33)
	at scala.concurrent.impl.Promise.$anonfun$transform$1(Promise.scala:33)
	at scala.concurrent.impl.CallbackRunnable.run(Promise.scala:64)
	at java.base/java.util.concurrent.ThreadPoolExecutor.runWorker(ThreadPoolExecutor.java:1128)
	at java.base/java.util.concurrent.ThreadPoolExecutor$Worker.run(ThreadPoolExecutor.java:628)
	at java.base/java.lang.Thread.run(Thread.java:829)
Caused by: java.net.SocketException: Software caused connection abort: socket write error
	at java.base/java.net.SocketOutputStream.socketWrite0(Native Method)
	at java.base/java.net.SocketOutputStream.socketWrite(SocketOutputStream.java:110)
	at java.base/java.net.SocketOutputStream.write(SocketOutputStream.java:150)
	at java.base/java.io.BufferedOutputStream.flushBuffer(BufferedOutputStream.java:81)
	at java.base/java.io.BufferedOutputStream.flush(BufferedOutputStream.java:142)
	at org.eclipse.lsp4j.jsonrpc.json.StreamMessageConsumer.consume(StreamMessageConsumer.java:69)
	... 21 more

May 14, 2021 6:32:07 AM org.eclipse.lsp4j.jsonrpc.json.StreamMessageProducer fireError
SEVERE: Software caused connection abort: recv failed
java.net.SocketException: Software caused connection abort: recv failed
	at java.base/java.net.SocketInputStream.socketRead0(Native Method)
	at java.base/java.net.SocketInputStream.socketRead(SocketInputStream.java:115)
	at java.base/java.net.SocketInputStream.read(SocketInputStream.java:168)
	at java.base/java.net.SocketInputStream.read(SocketInputStream.java:140)
	at java.base/java.io.BufferedInputStream.fill(BufferedInputStream.java:252)
	at java.base/java.io.BufferedInputStream.read1(BufferedInputStream.java:292)
	at java.base/java.io.BufferedInputStream.read(BufferedInputStream.java:351)
	at org.eclipse.lsp4j.jsonrpc.json.StreamMessageProducer.handleMessage(StreamMessageProducer.java:185)
	at org.eclipse.lsp4j.jsonrpc.json.StreamMessageProducer.listen(StreamMessageProducer.java:94)
	at scala.meta.internal.metals.debug.SocketEndpoint.listen(SocketEndpoint.scala:26)
	at scala.meta.internal.metals.debug.MessageIdAdapter.listen(MessageIdAdapter.scala:47)
	at scala.meta.internal.metals.debug.ServerAdapter.onReceived(ServerAdapter.scala:18)
	at scala.meta.internal.metals.debug.DebugProxy.$anonfun$listenToServer$1(DebugProxy.scala:58)
	at scala.runtime.java8.JFunction0$mcV$sp.apply(JFunction0$mcV$sp.java:23)
	at scala.concurrent.Future$.$anonfun$apply$1(Future.scala:659)
	at scala.util.Success.$anonfun$map$1(Try.scala:255)
	at scala.util.Success.map(Try.scala:213)
	at scala.concurrent.Future.$anonfun$map$1(Future.scala:292)
	at scala.concurrent.impl.Promise.liftedTree1$1(Promise.scala:33)
	at scala.concurrent.impl.Promise.$anonfun$transform$1(Promise.scala:33)
	at scala.concurrent.impl.CallbackRunnable.run(Promise.scala:64)
	at java.base/java.util.concurrent.ThreadPoolExecutor.runWorker(ThreadPoolExecutor.java:1128)
	at java.base/java.util.concurrent.ThreadPoolExecutor$Worker.run(ThreadPoolExecutor.java:628)
	at java.base/java.lang.Thread.run(Thread.java:829)

[0m2021.05.14 06:32:07 INFO  Canceling debug proxy for [example.ListsSuite][0m
[0m2021.05.14 06:32:08 INFO  Listening for transport dt_socket at address: 59108[0m
[0m2021.05.14 06:32:08 INFO  tracing is disabled for protocol dap-server, to enable tracing of incoming and outgoing JSON messages create an empty file at C:\Users\Passawit\AppData\Local\scalameta\metals\cache\dap-server.trace.json[0m
[0m2021.05.14 06:32:08 INFO  tracing is disabled for protocol dap-client, to enable tracing of incoming and outgoing JSON messages create an empty file at C:\Users\Passawit\AppData\Local\scalameta\metals\cache\dap-client.trace.json[0m
[0m2021.05.14 06:32:08 INFO  Starting debug proxy for [example.ListsSuite][0m
[0m2021.05.14 06:32:08 INFO  Trying to attach to remote debuggee VM kubernetes.docker.internal:59108 .[0m
[0m2021.05.14 06:32:08 INFO  Attaching to debuggee VM succeeded.[0m
[0m2021.05.14 06:32:08 INFO  [34mTest run started[0m[0m
[0m2021.05.14 06:32:08 INFO  Test example.[33mListsSuite[0m.[36mone plus one is three (0pts)?[0m started[0m
[0m2021.05.14 06:32:09 ERROR Test example.[33mListsSuite[0m.[31mone plus one is three (0pts)?[0m failed: java.lang.[31mAssertionError[0m: assertion failed, took 0.101 sec[0m
[0m2021.05.14 06:32:09 ERROR     at scala.Predef$.assert(Predef.scala:267)[0m
[0m2021.05.14 06:32:09 ERROR     at example.ListsSuite.one plus one is three (0pts)?([35mListsSuite.scala[0m:[33m26[0m)[0m
[0m2021.05.14 06:32:09 ERROR     at jdk.internal.reflect.NativeMethodAccessorImpl.invoke0(Native Method)[0m
[0m2021.05.14 06:32:09 ERROR     at jdk.internal.reflect.NativeMethodAccessorImpl.invoke(NativeMethodAccessorImpl.java:62)[0m
[0m2021.05.14 06:32:09 ERROR     at jdk.internal.reflect.DelegatingMethodAccessorImpl.invoke(DelegatingMethodAccessorImpl.java:43)[0m
[0m2021.05.14 06:32:09 ERROR     at java.lang.reflect.Method.invoke(Method.java:566)[0m
[0m2021.05.14 06:32:09 ERROR     ...[0m
[0m2021.05.14 06:32:09 INFO  Test example.[33mListsSuite[0m.[36mmax of a few numbers (10pts)[0m started[0m
[0m2021.05.14 06:32:09 ERROR Test example.[33mListsSuite[0m.[31mmax of a few numbers (10pts)[0m failed: scala.[31mNotImplementedError[0m: an implementation is missing, took 0.041 sec[0m
[0m2021.05.14 06:32:09 ERROR     at scala.Predef$.???(Predef.scala:347)[0m
[0m2021.05.14 06:32:09 ERROR     at example.Lists$.max(Lists.scala:40)[0m
[0m2021.05.14 06:32:09 ERROR     at example.ListsSuite.max of a few numbers (10pts)([35mListsSuite.scala[0m:[33m94[0m)[0m
[0m2021.05.14 06:32:09 ERROR     at jdk.internal.reflect.NativeMethodAccessorImpl.invoke0(Native Method)[0m
[0m2021.05.14 06:32:09 ERROR     at jdk.internal.reflect.NativeMethodAccessorImpl.invoke(NativeMethodAccessorImpl.java:62)[0m
[0m2021.05.14 06:32:09 ERROR     at jdk.internal.reflect.DelegatingMethodAccessorImpl.invoke(DelegatingMethodAccessorImpl.java:43)[0m
[0m2021.05.14 06:32:09 ERROR     at java.lang.reflect.Method.invoke(Method.java:566)[0m
[0m2021.05.14 06:32:09 ERROR     ...[0m
[0m2021.05.14 06:32:09 INFO  Test example.[33mListsSuite[0m.[36mintNotZero throws an exception if its argument is 0[0m started[0m
[0m2021.05.14 06:32:09 INFO  Test example.[33mListsSuite[0m.[36mdetails why one plus one is not three (0pts)[0m started[0m
[0m2021.05.14 06:32:09 ERROR Test example.[33mListsSuite[0m.[31mdetails why one plus one is not three (0pts)[0m failed: java.lang.[31mAssertionError[0m: expected:<3> but was:<2>, took 0.002 sec[0m
[0m2021.05.14 06:32:09 ERROR     at example.ListsSuite.details why one plus one is not three (0pts)([35mListsSuite.scala[0m:[33m50[0m)[0m
[0m2021.05.14 06:32:09 ERROR     at jdk.internal.reflect.NativeMethodAccessorImpl.invoke0(Native Method)[0m
[0m2021.05.14 06:32:09 ERROR     at jdk.internal.reflect.NativeMethodAccessorImpl.invoke(NativeMethodAccessorImpl.java:62)[0m
[0m2021.05.14 06:32:09 ERROR     at jdk.internal.reflect.DelegatingMethodAccessorImpl.invoke(DelegatingMethodAccessorImpl.java:43)[0m
[0m2021.05.14 06:32:09 ERROR     at java.lang.reflect.Method.invoke(Method.java:566)[0m
[0m2021.05.14 06:32:09 ERROR     ...[0m
[0m2021.05.14 06:32:09 INFO  Test example.[33mListsSuite[0m.[36msum of a few numbers (10pts)[0m started[0m
[0m2021.05.14 06:32:09 ERROR Test example.[33mListsSuite[0m.[31msum of a few numbers (10pts)[0m failed: scala.[31mNotImplementedError[0m: an implementation is missing, took 0.001 sec[0m
[0m2021.05.14 06:32:09 ERROR     at scala.Predef$.???(Predef.scala:347)[0m
[0m2021.05.14 06:32:09 ERROR     at example.Lists$.sum(Lists.scala:25)[0m
[0m2021.05.14 06:32:09 ERROR     at example.ListsSuite.sum of a few numbers (10pts)([35mListsSuite.scala[0m:[33m90[0m)[0m
[0m2021.05.14 06:32:09 ERROR     at jdk.internal.reflect.NativeMethodAccessorImpl.invoke0(Native Method)[0m
[0m2021.05.14 06:32:09 ERROR     at jdk.internal.reflect.NativeMethodAccessorImpl.invoke(NativeMethodAccessorImpl.java:62)[0m
[0m2021.05.14 06:32:09 ERROR     at jdk.internal.reflect.DelegatingMethodAccessorImpl.invoke(DelegatingMethodAccessorImpl.java:43)[0m
[0m2021.05.14 06:32:09 ERROR     at java.lang.reflect.Method.invoke(Method.java:566)[0m
[0m2021.05.14 06:32:09 ERROR     ...[0m
[0m2021.05.14 06:32:09 INFO  Test example.[33mListsSuite[0m.[36mone plus one is two (0pts)[0m started[0m
[0m2021.05.14 06:32:09 INFO  [34mTest run finished: [0m[31m4 failed[0m[34m, [0m[34m0 ignored[0m[34m, 6 total, 0.243s[0m[0m
[0m2021.05.14 06:32:09 INFO  Execution took 0.15s[0m
[0m2021.05.14 06:32:09 INFO  6 tests, 2 passed, 4 failed[0m
[0m2021.05.14 06:32:09 INFO  [0m
[0m2021.05.14 06:32:09 INFO  ===============================================[0m
[0m2021.05.14 06:32:09 INFO  Total duration: 0.15s[0m
[0m2021.05.14 06:32:09 INFO  1 failed[0m
[0m2021.05.14 06:32:09 INFO  [0m
[0m2021.05.14 06:32:09 INFO  Failed:[0m
[0m2021.05.14 06:32:09 INFO  - example.ListsSuite:[0m
[0m2021.05.14 06:32:09 INFO    * example.ListsSuite.one plus one is three (0pts)? - java.lang.AssertionError: assertion failed[0m
[0m2021.05.14 06:32:09 INFO    * example.ListsSuite.max of a few numbers (10pts) - scala.NotImplementedError: an implementation is missing[0m
[0m2021.05.14 06:32:09 INFO    * example.ListsSuite.details why one plus one is not three (0pts) - java.lang.AssertionError: expected:<3> but was:<2>[0m
[0m2021.05.14 06:32:09 INFO    * example.ListsSuite.sum of a few numbers (10pts) - scala.NotImplementedError: an implementation is missing[0m
[0m2021.05.14 06:32:09 INFO  ===============================================[0m
May 14, 2021 6:32:09 AM org.eclipse.lsp4j.jsonrpc.json.StreamMessageProducer fireError
SEVERE: Software caused connection abort: recv failed
java.net.SocketException: Software caused connection abort: recv failed
	at java.base/java.net.SocketInputStream.socketRead0(Native Method)
	at java.base/java.net.SocketInputStream.socketRead(SocketInputStream.java:115)
	at java.base/java.net.SocketInputStream.read(SocketInputStream.java:168)
	at java.base/java.net.SocketInputStream.read(SocketInputStream.java:140)
	at java.base/java.io.BufferedInputStream.fill(BufferedInputStream.java:252)
	at java.base/java.io.BufferedInputStream.read1(BufferedInputStream.java:292)
	at java.base/java.io.BufferedInputStream.read(BufferedInputStream.java:351)
	at org.eclipse.lsp4j.jsonrpc.json.StreamMessageProducer.handleMessage(StreamMessageProducer.java:185)
	at org.eclipse.lsp4j.jsonrpc.json.StreamMessageProducer.listen(StreamMessageProducer.java:94)
	at scala.meta.internal.metals.debug.SocketEndpoint.listen(SocketEndpoint.scala:26)
	at scala.meta.internal.metals.debug.MessageIdAdapter.listen(MessageIdAdapter.scala:47)
	at scala.meta.internal.metals.debug.ServerAdapter.onReceived(ServerAdapter.scala:18)
	at scala.meta.internal.metals.debug.DebugProxy.$anonfun$listenToServer$1(DebugProxy.scala:58)
	at scala.runtime.java8.JFunction0$mcV$sp.apply(JFunction0$mcV$sp.java:23)
	at scala.concurrent.Future$.$anonfun$apply$1(Future.scala:659)
	at scala.util.Success.$anonfun$map$1(Try.scala:255)
	at scala.util.Success.map(Try.scala:213)
	at scala.concurrent.Future.$anonfun$map$1(Future.scala:292)
	at scala.concurrent.impl.Promise.liftedTree1$1(Promise.scala:33)
	at scala.concurrent.impl.Promise.$anonfun$transform$1(Promise.scala:33)
	at scala.concurrent.impl.CallbackRunnable.run(Promise.scala:64)
	at java.base/java.util.concurrent.ThreadPoolExecutor.runWorker(ThreadPoolExecutor.java:1128)
	at java.base/java.util.concurrent.ThreadPoolExecutor$Worker.run(ThreadPoolExecutor.java:628)
	at java.base/java.lang.Thread.run(Thread.java:829)

[0m2021.05.14 06:32:08 INFO  Canceling debug proxy for [example.ListsSuite][0m
[0m2021.05.14 06:32:24 INFO  Deduplicating compilation of example from bsp client 'Metals 0.10.2' (since 4m 41.311s)[0m
[0m2021.05.14 06:32:24 INFO  Deduplicating compilation of example-test from bsp client 'Metals 0.10.2' (since 4m 41.324s)[0m
[0m2021.05.14 06:32:28 INFO  Listening for transport dt_socket at address: 59128[0m
[0m2021.05.14 06:32:29 INFO  tracing is disabled for protocol dap-server, to enable tracing of incoming and outgoing JSON messages create an empty file at C:\Users\Passawit\AppData\Local\scalameta\metals\cache\dap-server.trace.json[0m
[0m2021.05.14 06:32:29 INFO  tracing is disabled for protocol dap-client, to enable tracing of incoming and outgoing JSON messages create an empty file at C:\Users\Passawit\AppData\Local\scalameta\metals\cache\dap-client.trace.json[0m
[0m2021.05.14 06:32:29 INFO  Starting debug proxy for [example.ListsSuite][0m
[0m2021.05.14 06:32:28 INFO  Trying to attach to remote debuggee VM kubernetes.docker.internal:59128 .[0m
[0m2021.05.14 06:32:28 INFO  Attaching to debuggee VM succeeded.[0m
[0m2021.05.14 06:32:28 INFO  [34mTest run started[0m[0m
[0m2021.05.14 06:32:28 INFO  Test example.[33mListsSuite[0m.[36mone plus one is three (0pts)?[0m started[0m
[0m2021.05.14 06:32:29 ERROR Test example.[33mListsSuite[0m.[31mone plus one is three (0pts)?[0m failed: java.lang.[31mAssertionError[0m: assertion failed, took 0.115 sec[0m
[0m2021.05.14 06:32:29 ERROR     at scala.Predef$.assert(Predef.scala:267)[0m
[0m2021.05.14 06:32:29 ERROR     at example.ListsSuite.one plus one is three (0pts)?([35mListsSuite.scala[0m:[33m26[0m)[0m
[0m2021.05.14 06:32:29 ERROR     at jdk.internal.reflect.NativeMethodAccessorImpl.invoke0(Native Method)[0m
[0m2021.05.14 06:32:29 ERROR     at jdk.internal.reflect.NativeMethodAccessorImpl.invoke(NativeMethodAccessorImpl.java:62)[0m
[0m2021.05.14 06:32:29 ERROR     at jdk.internal.reflect.DelegatingMethodAccessorImpl.invoke(DelegatingMethodAccessorImpl.java:43)[0m
[0m2021.05.14 06:32:29 ERROR     at java.lang.reflect.Method.invoke(Method.java:566)[0m
[0m2021.05.14 06:32:29 ERROR     ...[0m
[0m2021.05.14 06:32:29 INFO  Test example.[33mListsSuite[0m.[36mmax of a few numbers (10pts)[0m started[0m
[0m2021.05.14 06:32:29 ERROR Test example.[33mListsSuite[0m.[31mmax of a few numbers (10pts)[0m failed: scala.[31mNotImplementedError[0m: an implementation is missing, took 0.042 sec[0m
[0m2021.05.14 06:32:29 ERROR     at scala.Predef$.???(Predef.scala:347)[0m
[0m2021.05.14 06:32:29 ERROR     at example.Lists$.max(Lists.scala:40)[0m
[0m2021.05.14 06:32:29 ERROR     at example.ListsSuite.max of a few numbers (10pts)([35mListsSuite.scala[0m:[33m94[0m)[0m
[0m2021.05.14 06:32:29 ERROR     at jdk.internal.reflect.NativeMethodAccessorImpl.invoke0(Native Method)[0m
[0m2021.05.14 06:32:29 ERROR     at jdk.internal.reflect.NativeMethodAccessorImpl.invoke(NativeMethodAccessorImpl.java:62)[0m
[0m2021.05.14 06:32:29 ERROR     at jdk.internal.reflect.DelegatingMethodAccessorImpl.invoke(DelegatingMethodAccessorImpl.java:43)[0m
[0m2021.05.14 06:32:29 ERROR     at java.lang.reflect.Method.invoke(Method.java:566)[0m
[0m2021.05.14 06:32:29 ERROR     ...[0m
[0m2021.05.14 06:32:29 INFO  Test example.[33mListsSuite[0m.[36mintNotZero throws an exception if its argument is 0[0m started[0m
[0m2021.05.14 06:32:29 INFO  Test example.[33mListsSuite[0m.[36mdetails why one plus one is not three (0pts)[0m started[0m
[0m2021.05.14 06:32:29 ERROR Test example.[33mListsSuite[0m.[31mdetails why one plus one is not three (0pts)[0m failed: java.lang.[31mAssertionError[0m: expected:<3> but was:<2>, took 0.002 sec[0m
[0m2021.05.14 06:32:29 ERROR     at example.ListsSuite.details why one plus one is not three (0pts)([35mListsSuite.scala[0m:[33m50[0m)[0m
[0m2021.05.14 06:32:29 ERROR     at jdk.internal.reflect.NativeMethodAccessorImpl.invoke0(Native Method)[0m
[0m2021.05.14 06:32:29 ERROR     at jdk.internal.reflect.NativeMethodAccessorImpl.invoke(NativeMethodAccessorImpl.java:62)[0m
[0m2021.05.14 06:32:29 ERROR     at jdk.internal.reflect.DelegatingMethodAccessorImpl.invoke(DelegatingMethodAccessorImpl.java:43)[0m
[0m2021.05.14 06:32:29 ERROR     at java.lang.reflect.Method.invoke(Method.java:566)[0m
[0m2021.05.14 06:32:29 ERROR     ...[0m
[0m2021.05.14 06:32:29 INFO  Test example.[33mListsSuite[0m.[36msum of a few numbers (10pts)[0m started[0m
[0m2021.05.14 06:32:29 ERROR Test example.[33mListsSuite[0m.[31msum of a few numbers (10pts)[0m failed: scala.[31mNotImplementedError[0m: an implementation is missing, took 0.002 sec[0m
[0m2021.05.14 06:32:29 ERROR     at scala.Predef$.???(Predef.scala:347)[0m
[0m2021.05.14 06:32:29 ERROR     at example.Lists$.sum(Lists.scala:25)[0m
[0m2021.05.14 06:32:29 ERROR     at example.ListsSuite.sum of a few numbers (10pts)([35mListsSuite.scala[0m:[33m90[0m)[0m
[0m2021.05.14 06:32:29 ERROR     at jdk.internal.reflect.NativeMethodAccessorImpl.invoke0(Native Method)[0m
[0m2021.05.14 06:32:29 ERROR     at jdk.internal.reflect.NativeMethodAccessorImpl.invoke(NativeMethodAccessorImpl.java:62)[0m
[0m2021.05.14 06:32:29 ERROR     at jdk.internal.reflect.DelegatingMethodAccessorImpl.invoke(DelegatingMethodAccessorImpl.java:43)[0m
[0m2021.05.14 06:32:29 ERROR     at java.lang.reflect.Method.invoke(Method.java:566)[0m
[0m2021.05.14 06:32:29 ERROR     ...[0m
[0m2021.05.14 06:32:29 INFO  Test example.[33mListsSuite[0m.[36mone plus one is two (0pts)[0m started[0m
[0m2021.05.14 06:32:29 INFO  [34mTest run finished: [0m[31m4 failed[0m[34m, [0m[34m0 ignored[0m[34m, 6 total, 0.271s[0m[0m
[0m2021.05.14 06:32:29 INFO  Execution took 0.17s[0m
[0m2021.05.14 06:32:29 INFO  6 tests, 2 passed, 4 failed[0m
[0m2021.05.14 06:32:29 INFO  [0m
[0m2021.05.14 06:32:29 INFO  ===============================================[0m
[0m2021.05.14 06:32:29 INFO  Total duration: 0.17s[0m
[0m2021.05.14 06:32:29 INFO  1 failed[0m
[0m2021.05.14 06:32:29 INFO  [0m
[0m2021.05.14 06:32:29 INFO  Failed:[0m
[0m2021.05.14 06:32:29 INFO  - example.ListsSuite:[0m
[0m2021.05.14 06:32:29 INFO    * example.ListsSuite.one plus one is three (0pts)? - java.lang.AssertionError: assertion failed[0m
[0m2021.05.14 06:32:29 INFO    * example.ListsSuite.max of a few numbers (10pts) - scala.NotImplementedError: an implementation is missing[0m
[0m2021.05.14 06:32:29 INFO    * example.ListsSuite.details why one plus one is not three (0pts) - java.lang.AssertionError: expected:<3> but was:<2>[0m
[0m2021.05.14 06:32:29 INFO    * example.ListsSuite.sum of a few numbers (10pts) - scala.NotImplementedError: an implementation is missing[0m
[0m2021.05.14 06:32:29 INFO  ===============================================[0m
May 14, 2021 6:32:30 AM org.eclipse.lsp4j.jsonrpc.json.StreamMessageProducer fireError
SEVERE: Software caused connection abort: recv failed
java.net.SocketException: Software caused connection abort: recv failed
	at java.base/java.net.SocketInputStream.socketRead0(Native Method)
	at java.base/java.net.SocketInputStream.socketRead(SocketInputStream.java:115)
	at java.base/java.net.SocketInputStream.read(SocketInputStream.java:168)
	at java.base/java.net.SocketInputStream.read(SocketInputStream.java:140)
	at java.base/java.io.BufferedInputStream.fill(BufferedInputStream.java:252)
	at java.base/java.io.BufferedInputStream.read1(BufferedInputStream.java:292)
	at java.base/java.io.BufferedInputStream.read(BufferedInputStream.java:351)
	at org.eclipse.lsp4j.jsonrpc.json.StreamMessageProducer.handleMessage(StreamMessageProducer.java:185)
	at org.eclipse.lsp4j.jsonrpc.json.StreamMessageProducer.listen(StreamMessageProducer.java:94)
	at scala.meta.internal.metals.debug.SocketEndpoint.listen(SocketEndpoint.scala:26)
	at scala.meta.internal.metals.debug.MessageIdAdapter.listen(MessageIdAdapter.scala:47)
	at scala.meta.internal.metals.debug.ServerAdapter.onReceived(ServerAdapter.scala:18)
	at scala.meta.internal.metals.debug.DebugProxy.$anonfun$listenToServer$1(DebugProxy.scala:58)
	at scala.runtime.java8.JFunction0$mcV$sp.apply(JFunction0$mcV$sp.java:23)
	at scala.concurrent.Future$.$anonfun$apply$1(Future.scala:659)
	at scala.util.Success.$anonfun$map$1(Try.scala:255)
	at scala.util.Success.map(Try.scala:213)
	at scala.concurrent.Future.$anonfun$map$1(Future.scala:292)
	at scala.concurrent.impl.Promise.liftedTree1$1(Promise.scala:33)
	at scala.concurrent.impl.Promise.$anonfun$transform$1(Promise.scala:33)
	at scala.concurrent.impl.CallbackRunnable.run(Promise.scala:64)
	at java.base/java.util.concurrent.ThreadPoolExecutor.runWorker(ThreadPoolExecutor.java:1128)
	at java.base/java.util.concurrent.ThreadPoolExecutor$Worker.run(ThreadPoolExecutor.java:628)
	at java.base/java.lang.Thread.run(Thread.java:829)

[0m2021.05.14 06:32:30 INFO  Canceling debug proxy for [example.ListsSuite][0m
May 14, 2021 6:36:44 AM org.eclipse.lsp4j.jsonrpc.RemoteEndpoint handleCancellation
WARNING: Unmatched cancel notification for request id 283
[0m2021.05.14 06:38:19 INFO  compiling example (1 scala source)[0m
[0m2021.05.14 06:38:19 INFO  time: compiled example in 0.19s[0m
[0m2021.05.14 06:38:33 INFO  compiling example (1 scala source)[0m
[0m2021.05.14 06:38:33 INFO  time: compiled example in 98ms[0m
something's wrong: no file:///C:/Users/Passawit/OneDrive/Coursera/Functional%20Programming%20Principles%20in%20Scala/example/src/main/scala/example/Lists.scala in List[Int]RangePosition(file:///C:/Users/Passawit/OneDrive/Coursera/Functional%20Programming%20Principles%20in%20Scala/example/src/main/scala/example/Lists.scala, 865, 865, 874)
[0m2021.05.14 06:40:23 ERROR scalafmt: C:\Users\Passawit\OneDrive\Coursera\Functional Programming Principles in Scala\example\src\main\scala\example\Lists.scala:25: error: ; expected but = found
    sum:Int = new Int;
            ^[0m
[0m2021.05.14 06:40:23 INFO  compiling example (1 scala source)[0m
[0m2021.05.14 06:40:23 INFO  time: compiled example in 0.3s[0m
[0m2021.05.14 06:40:30 INFO  compiling example (1 scala source)[0m
[0m2021.05.14 06:40:30 INFO  time: compiled example in 78ms[0m
something's wrong: no file:///C:/Users/Passawit/OneDrive/Coursera/Functional%20Programming%20Principles%20in%20Scala/example/src/main/scala/example/Lists.scala in List[Int]RangePosition(file:///C:/Users/Passawit/OneDrive/Coursera/Functional%20Programming%20Principles%20in%20Scala/example/src/main/scala/example/Lists.scala, 865, 865, 874)
[0m2021.05.14 06:40:42 INFO  compiling example (1 scala source)[0m
[0m2021.05.14 06:40:42 INFO  time: compiled example in 77ms[0m
[0m2021.05.14 06:41:03 INFO  compiling example (1 scala source)[0m
[0m2021.05.14 06:41:03 INFO  time: compiled example in 70ms[0m
[0m2021.05.14 06:41:10 ERROR scalafmt: C:\Users\Passawit\OneDrive\Coursera\Functional Programming Principles in Scala\example\src\main\scala\example\Lists.scala:25: error: ; expected but = found
    summation:Int = new Int;
                  ^[0m
[0m2021.05.14 06:41:10 INFO  compiling example (1 scala source)[0m
[0m2021.05.14 06:41:10 INFO  time: compiled example in 53ms[0m
[0m2021.05.14 06:41:18 ERROR scalafmt: C:\Users\Passawit\OneDrive\Coursera\Functional Programming Principles in Scala\example\src\main\scala\example\Lists.scala:25: error: ; expected but = found
    Int:summation = new Int;
                  ^[0m
[0m2021.05.14 06:41:18 INFO  compiling example (1 scala source)[0m
[0m2021.05.14 06:41:18 INFO  time: compiled example in 53ms[0m
[0m2021.05.14 06:43:12 INFO  compiling example (1 scala source)[0m
[0m2021.05.14 06:43:12 INFO  time: compiled example in 0.57s[0m
May 14, 2021 6:44:55 AM org.eclipse.lsp4j.jsonrpc.RemoteEndpoint handleCancellation
WARNING: Unmatched cancel notification for request id 1292
May 14, 2021 6:45:46 AM org.eclipse.lsp4j.jsonrpc.RemoteEndpoint handleCancellation
WARNING: Unmatched cancel notification for request id 1545
[0m2021.05.14 06:46:47 INFO  compiling example (1 scala source)[0m
[0m2021.05.14 06:46:47 INFO  time: compiled example in 0.63s[0m
[0m2021.05.14 17:23:41 INFO  compiling example (1 scala source)[0m
[0m2021.05.14 17:23:41 INFO  time: compiled example in 0.27s[0m
something's wrong: no file:///C:/Users/Passawit/OneDrive/Coursera/Functional%20Programming%20Principles%20in%20Scala/example/src/main/scala/example/Lists.scala in List[Int]RangePosition(file:///C:/Users/Passawit/OneDrive/Coursera/Functional%20Programming%20Principles%20in%20Scala/example/src/main/scala/example/Lists.scala, 1484, 1484, 1493)
May 14, 2021 5:25:11 PM org.eclipse.lsp4j.jsonrpc.RemoteEndpoint handleCancellation
WARNING: Unmatched cancel notification for request id 2209
May 14, 2021 5:25:15 PM org.eclipse.lsp4j.jsonrpc.RemoteEndpoint handleCancellation
WARNING: Unmatched cancel notification for request id 2238
[0m2021.05.14 17:25:22 INFO  compiling example (1 scala source)[0m
[0m2021.05.14 17:25:22 INFO  time: compiled example in 0.13s[0m
[0m2021.05.14 17:25:46 INFO  compiling example (1 scala source)[0m
[0m2021.05.14 17:25:46 INFO  time: compiled example in 0.83s[0m
[0m2021.05.14 17:25:49 INFO  compiling example (1 scala source)[0m
[0m2021.05.14 17:25:49 INFO  time: compiled example in 0.65s[0m
[0m2021.05.14 17:26:03 INFO  compiling example (1 scala source)[0m
[0m2021.05.14 17:26:03 INFO  time: compiled example in 0.64s[0m
